{"C:\\Users\\Hedgeware-IT\\Desktop\\Bootcamp\\Politico\\server\\test\\test.js":{"path":"C:\\Users\\Hedgeware-IT\\Desktop\\Bootcamp\\Politico\\server\\test\\test.js","statementMap":{"0":{"start":{"line":3,"column":12},"end":{"line":3,"column":27}},"1":{"start":{"line":5,"column":13},"end":{"line":5,"column":42}},"2":{"start":{"line":7,"column":16},"end":{"line":7,"column":36}},"3":{"start":{"line":9,"column":17},"end":{"line":9,"column":50}},"4":{"start":{"line":11,"column":14},"end":{"line":11,"column":31}},"5":{"start":{"line":13,"column":15},"end":{"line":13,"column":46}},"6":{"start":{"line":15,"column":13},"end":{"line":15,"column":29}},"7":{"start":{"line":17,"column":14},"end":{"line":17,"column":44}},"8":{"start":{"line":19,"column":13},"end":{"line":19,"column":32}},"9":{"start":{"line":21,"column":14},"end":{"line":21,"column":44}},"10":{"start":{"line":23,"column":39},"end":{"line":23,"column":93}},"11":{"start":{"line":25,"column":0},"end":{"line":25,"column":26}},"12":{"start":{"line":27,"column":0},"end":{"line":27,"column":39}},"13":{"start":{"line":28,"column":19},"end":{"line":28,"column":33}},"14":{"start":{"line":31,"column":19},"end":{"line":31,"column":51}},"15":{"start":{"line":33,"column":0},"end":{"line":55,"column":3}},"16":{"start":{"line":34,"column":2},"end":{"line":54,"column":5}},"17":{"start":{"line":35,"column":4},"end":{"line":53,"column":7}},"18":{"start":{"line":45,"column":6},"end":{"line":45,"column":29}},"19":{"start":{"line":46,"column":6},"end":{"line":46,"column":34}},"20":{"start":{"line":47,"column":6},"end":{"line":47,"column":59}},"21":{"start":{"line":48,"column":6},"end":{"line":48,"column":84}},"22":{"start":{"line":49,"column":6},"end":{"line":49,"column":38}},"23":{"start":{"line":50,"column":6},"end":{"line":50,"column":34}},"24":{"start":{"line":51,"column":6},"end":{"line":51,"column":42}},"25":{"start":{"line":52,"column":6},"end":{"line":52,"column":13}},"26":{"start":{"line":57,"column":0},"end":{"line":78,"column":3}},"27":{"start":{"line":58,"column":2},"end":{"line":77,"column":5}},"28":{"start":{"line":59,"column":4},"end":{"line":76,"column":7}},"29":{"start":{"line":69,"column":6},"end":{"line":69,"column":29}},"30":{"start":{"line":70,"column":6},"end":{"line":70,"column":34}},"31":{"start":{"line":71,"column":6},"end":{"line":71,"column":59}},"32":{"start":{"line":72,"column":6},"end":{"line":72,"column":38}},"33":{"start":{"line":73,"column":6},"end":{"line":73,"column":34}},"34":{"start":{"line":74,"column":6},"end":{"line":74,"column":42}},"35":{"start":{"line":75,"column":6},"end":{"line":75,"column":13}},"36":{"start":{"line":80,"column":0},"end":{"line":96,"column":3}},"37":{"start":{"line":81,"column":2},"end":{"line":95,"column":5}},"38":{"start":{"line":82,"column":4},"end":{"line":94,"column":7}},"39":{"start":{"line":86,"column":6},"end":{"line":86,"column":42}},"40":{"start":{"line":87,"column":6},"end":{"line":87,"column":29}},"41":{"start":{"line":88,"column":6},"end":{"line":88,"column":34}},"42":{"start":{"line":89,"column":6},"end":{"line":89,"column":59}},"43":{"start":{"line":90,"column":6},"end":{"line":90,"column":38}},"44":{"start":{"line":91,"column":6},"end":{"line":91,"column":34}},"45":{"start":{"line":92,"column":6},"end":{"line":92,"column":42}},"46":{"start":{"line":93,"column":6},"end":{"line":93,"column":13}},"47":{"start":{"line":98,"column":0},"end":{"line":108,"column":3}},"48":{"start":{"line":99,"column":2},"end":{"line":107,"column":5}},"49":{"start":{"line":100,"column":4},"end":{"line":106,"column":7}},"50":{"start":{"line":101,"column":6},"end":{"line":101,"column":29}},"51":{"start":{"line":102,"column":6},"end":{"line":102,"column":34}},"52":{"start":{"line":103,"column":6},"end":{"line":103,"column":38}},"53":{"start":{"line":104,"column":6},"end":{"line":104,"column":78}},"54":{"start":{"line":105,"column":6},"end":{"line":105,"column":13}},"55":{"start":{"line":110,"column":0},"end":{"line":122,"column":3}},"56":{"start":{"line":111,"column":2},"end":{"line":121,"column":5}},"57":{"start":{"line":112,"column":4},"end":{"line":120,"column":7}},"58":{"start":{"line":113,"column":6},"end":{"line":113,"column":29}},"59":{"start":{"line":114,"column":6},"end":{"line":114,"column":34}},"60":{"start":{"line":115,"column":6},"end":{"line":115,"column":95}},"61":{"start":{"line":116,"column":6},"end":{"line":116,"column":38}},"62":{"start":{"line":117,"column":6},"end":{"line":117,"column":34}},"63":{"start":{"line":118,"column":6},"end":{"line":118,"column":42}},"64":{"start":{"line":119,"column":6},"end":{"line":119,"column":13}},"65":{"start":{"line":124,"column":0},"end":{"line":136,"column":3}},"66":{"start":{"line":125,"column":2},"end":{"line":135,"column":5}},"67":{"start":{"line":126,"column":4},"end":{"line":134,"column":7}},"68":{"start":{"line":127,"column":6},"end":{"line":127,"column":29}},"69":{"start":{"line":128,"column":6},"end":{"line":128,"column":34}},"70":{"start":{"line":129,"column":6},"end":{"line":129,"column":59}},"71":{"start":{"line":130,"column":6},"end":{"line":130,"column":38}},"72":{"start":{"line":131,"column":6},"end":{"line":131,"column":34}},"73":{"start":{"line":132,"column":6},"end":{"line":132,"column":42}},"74":{"start":{"line":133,"column":6},"end":{"line":133,"column":13}},"75":{"start":{"line":138,"column":0},"end":{"line":150,"column":3}},"76":{"start":{"line":139,"column":2},"end":{"line":149,"column":5}},"77":{"start":{"line":140,"column":4},"end":{"line":148,"column":7}},"78":{"start":{"line":141,"column":6},"end":{"line":141,"column":29}},"79":{"start":{"line":142,"column":6},"end":{"line":142,"column":34}},"80":{"start":{"line":143,"column":6},"end":{"line":143,"column":59}},"81":{"start":{"line":144,"column":6},"end":{"line":144,"column":38}},"82":{"start":{"line":145,"column":6},"end":{"line":145,"column":34}},"83":{"start":{"line":146,"column":6},"end":{"line":146,"column":42}},"84":{"start":{"line":147,"column":6},"end":{"line":147,"column":13}},"85":{"start":{"line":152,"column":0},"end":{"line":164,"column":3}},"86":{"start":{"line":153,"column":2},"end":{"line":163,"column":5}},"87":{"start":{"line":154,"column":4},"end":{"line":162,"column":7}},"88":{"start":{"line":155,"column":6},"end":{"line":155,"column":29}},"89":{"start":{"line":156,"column":6},"end":{"line":156,"column":34}},"90":{"start":{"line":157,"column":6},"end":{"line":157,"column":59}},"91":{"start":{"line":158,"column":6},"end":{"line":158,"column":38}},"92":{"start":{"line":159,"column":6},"end":{"line":159,"column":34}},"93":{"start":{"line":160,"column":6},"end":{"line":160,"column":42}},"94":{"start":{"line":161,"column":6},"end":{"line":161,"column":13}},"95":{"start":{"line":166,"column":0},"end":{"line":179,"column":3}},"96":{"start":{"line":167,"column":2},"end":{"line":178,"column":5}},"97":{"start":{"line":168,"column":4},"end":{"line":177,"column":7}},"98":{"start":{"line":169,"column":6},"end":{"line":169,"column":29}},"99":{"start":{"line":170,"column":6},"end":{"line":170,"column":34}},"100":{"start":{"line":171,"column":6},"end":{"line":171,"column":59}},"101":{"start":{"line":172,"column":6},"end":{"line":172,"column":73}},"102":{"start":{"line":173,"column":6},"end":{"line":173,"column":38}},"103":{"start":{"line":174,"column":6},"end":{"line":174,"column":34}},"104":{"start":{"line":175,"column":6},"end":{"line":175,"column":42}},"105":{"start":{"line":176,"column":6},"end":{"line":176,"column":13}},"106":{"start":{"line":181,"column":0},"end":{"line":199,"column":3}},"107":{"start":{"line":182,"column":2},"end":{"line":198,"column":5}},"108":{"start":{"line":183,"column":4},"end":{"line":197,"column":7}},"109":{"start":{"line":189,"column":6},"end":{"line":189,"column":29}},"110":{"start":{"line":190,"column":6},"end":{"line":190,"column":34}},"111":{"start":{"line":191,"column":6},"end":{"line":191,"column":85}},"112":{"start":{"line":192,"column":6},"end":{"line":192,"column":38}},"113":{"start":{"line":193,"column":6},"end":{"line":193,"column":34}},"114":{"start":{"line":194,"column":6},"end":{"line":194,"column":42}},"115":{"start":{"line":195,"column":6},"end":{"line":195,"column":13}},"116":{"start":{"line":196,"column":6},"end":{"line":196,"column":38}},"117":{"start":{"line":201,"column":0},"end":{"line":219,"column":3}},"118":{"start":{"line":202,"column":2},"end":{"line":218,"column":5}},"119":{"start":{"line":203,"column":4},"end":{"line":217,"column":7}},"120":{"start":{"line":209,"column":6},"end":{"line":209,"column":29}},"121":{"start":{"line":210,"column":6},"end":{"line":210,"column":34}},"122":{"start":{"line":211,"column":6},"end":{"line":211,"column":59}},"123":{"start":{"line":212,"column":6},"end":{"line":212,"column":76}},"124":{"start":{"line":213,"column":6},"end":{"line":213,"column":38}},"125":{"start":{"line":214,"column":6},"end":{"line":214,"column":34}},"126":{"start":{"line":215,"column":6},"end":{"line":215,"column":42}},"127":{"start":{"line":216,"column":6},"end":{"line":216,"column":13}},"128":{"start":{"line":221,"column":0},"end":{"line":238,"column":3}},"129":{"start":{"line":222,"column":2},"end":{"line":237,"column":5}},"130":{"start":{"line":223,"column":4},"end":{"line":236,"column":7}},"131":{"start":{"line":228,"column":6},"end":{"line":228,"column":29}},"132":{"start":{"line":229,"column":6},"end":{"line":229,"column":34}},"133":{"start":{"line":230,"column":6},"end":{"line":230,"column":59}},"134":{"start":{"line":231,"column":6},"end":{"line":231,"column":80}},"135":{"start":{"line":232,"column":6},"end":{"line":232,"column":38}},"136":{"start":{"line":233,"column":6},"end":{"line":233,"column":34}},"137":{"start":{"line":234,"column":6},"end":{"line":234,"column":42}},"138":{"start":{"line":235,"column":6},"end":{"line":235,"column":13}},"139":{"start":{"line":240,"column":0},"end":{"line":257,"column":3}},"140":{"start":{"line":241,"column":2},"end":{"line":256,"column":5}},"141":{"start":{"line":242,"column":4},"end":{"line":255,"column":7}},"142":{"start":{"line":247,"column":6},"end":{"line":247,"column":29}},"143":{"start":{"line":248,"column":6},"end":{"line":248,"column":34}},"144":{"start":{"line":249,"column":6},"end":{"line":249,"column":59}},"145":{"start":{"line":250,"column":6},"end":{"line":250,"column":78}},"146":{"start":{"line":251,"column":6},"end":{"line":251,"column":38}},"147":{"start":{"line":252,"column":6},"end":{"line":252,"column":34}},"148":{"start":{"line":253,"column":6},"end":{"line":253,"column":42}},"149":{"start":{"line":254,"column":6},"end":{"line":254,"column":13}},"150":{"start":{"line":259,"column":0},"end":{"line":269,"column":3}},"151":{"start":{"line":260,"column":2},"end":{"line":268,"column":5}},"152":{"start":{"line":261,"column":4},"end":{"line":267,"column":7}},"153":{"start":{"line":262,"column":6},"end":{"line":262,"column":39}},"154":{"start":{"line":263,"column":6},"end":{"line":263,"column":59}},"155":{"start":{"line":264,"column":6},"end":{"line":264,"column":99}},"156":{"start":{"line":265,"column":6},"end":{"line":265,"column":39}},"157":{"start":{"line":266,"column":6},"end":{"line":266,"column":13}},"158":{"start":{"line":271,"column":0},"end":{"line":281,"column":3}},"159":{"start":{"line":272,"column":2},"end":{"line":280,"column":5}},"160":{"start":{"line":273,"column":4},"end":{"line":279,"column":7}},"161":{"start":{"line":274,"column":6},"end":{"line":274,"column":39}},"162":{"start":{"line":275,"column":6},"end":{"line":275,"column":59}},"163":{"start":{"line":276,"column":6},"end":{"line":276,"column":39}},"164":{"start":{"line":277,"column":6},"end":{"line":277,"column":42}},"165":{"start":{"line":278,"column":6},"end":{"line":278,"column":13}},"166":{"start":{"line":283,"column":0},"end":{"line":298,"column":3}},"167":{"start":{"line":284,"column":2},"end":{"line":297,"column":5}},"168":{"start":{"line":285,"column":4},"end":{"line":296,"column":7}},"169":{"start":{"line":288,"column":6},"end":{"line":288,"column":29}},"170":{"start":{"line":289,"column":6},"end":{"line":289,"column":34}},"171":{"start":{"line":290,"column":6},"end":{"line":290,"column":59}},"172":{"start":{"line":291,"column":6},"end":{"line":291,"column":80}},"173":{"start":{"line":292,"column":6},"end":{"line":292,"column":38}},"174":{"start":{"line":293,"column":6},"end":{"line":293,"column":34}},"175":{"start":{"line":294,"column":6},"end":{"line":294,"column":42}},"176":{"start":{"line":295,"column":6},"end":{"line":295,"column":13}},"177":{"start":{"line":300,"column":0},"end":{"line":314,"column":3}},"178":{"start":{"line":301,"column":2},"end":{"line":313,"column":5}},"179":{"start":{"line":302,"column":4},"end":{"line":312,"column":7}},"180":{"start":{"line":305,"column":6},"end":{"line":305,"column":29}},"181":{"start":{"line":306,"column":6},"end":{"line":306,"column":34}},"182":{"start":{"line":307,"column":6},"end":{"line":307,"column":59}},"183":{"start":{"line":308,"column":6},"end":{"line":308,"column":38}},"184":{"start":{"line":309,"column":6},"end":{"line":309,"column":34}},"185":{"start":{"line":310,"column":6},"end":{"line":310,"column":42}},"186":{"start":{"line":311,"column":6},"end":{"line":311,"column":13}},"187":{"start":{"line":316,"column":0},"end":{"line":331,"column":3}},"188":{"start":{"line":317,"column":2},"end":{"line":330,"column":5}},"189":{"start":{"line":318,"column":4},"end":{"line":329,"column":7}},"190":{"start":{"line":321,"column":6},"end":{"line":321,"column":29}},"191":{"start":{"line":322,"column":6},"end":{"line":322,"column":34}},"192":{"start":{"line":323,"column":6},"end":{"line":323,"column":59}},"193":{"start":{"line":324,"column":6},"end":{"line":324,"column":101}},"194":{"start":{"line":325,"column":6},"end":{"line":325,"column":38}},"195":{"start":{"line":326,"column":6},"end":{"line":326,"column":34}},"196":{"start":{"line":327,"column":6},"end":{"line":327,"column":42}},"197":{"start":{"line":328,"column":6},"end":{"line":328,"column":13}},"198":{"start":{"line":334,"column":0},"end":{"line":348,"column":3}},"199":{"start":{"line":335,"column":2},"end":{"line":347,"column":5}},"200":{"start":{"line":336,"column":4},"end":{"line":346,"column":7}},"201":{"start":{"line":339,"column":6},"end":{"line":339,"column":29}},"202":{"start":{"line":340,"column":6},"end":{"line":340,"column":34}},"203":{"start":{"line":341,"column":6},"end":{"line":341,"column":84}},"204":{"start":{"line":342,"column":6},"end":{"line":342,"column":38}},"205":{"start":{"line":343,"column":6},"end":{"line":343,"column":34}},"206":{"start":{"line":344,"column":6},"end":{"line":344,"column":42}},"207":{"start":{"line":345,"column":6},"end":{"line":345,"column":13}},"208":{"start":{"line":350,"column":0},"end":{"line":365,"column":3}},"209":{"start":{"line":351,"column":2},"end":{"line":364,"column":5}},"210":{"start":{"line":352,"column":4},"end":{"line":363,"column":7}},"211":{"start":{"line":356,"column":6},"end":{"line":356,"column":29}},"212":{"start":{"line":357,"column":6},"end":{"line":357,"column":34}},"213":{"start":{"line":358,"column":6},"end":{"line":358,"column":86}},"214":{"start":{"line":359,"column":6},"end":{"line":359,"column":38}},"215":{"start":{"line":360,"column":6},"end":{"line":360,"column":34}},"216":{"start":{"line":361,"column":6},"end":{"line":361,"column":42}},"217":{"start":{"line":362,"column":6},"end":{"line":362,"column":13}},"218":{"start":{"line":367,"column":0},"end":{"line":383,"column":3}},"219":{"start":{"line":368,"column":2},"end":{"line":382,"column":5}},"220":{"start":{"line":369,"column":4},"end":{"line":381,"column":7}},"221":{"start":{"line":373,"column":6},"end":{"line":373,"column":29}},"222":{"start":{"line":374,"column":6},"end":{"line":374,"column":34}},"223":{"start":{"line":375,"column":6},"end":{"line":375,"column":59}},"224":{"start":{"line":376,"column":6},"end":{"line":376,"column":86}},"225":{"start":{"line":377,"column":6},"end":{"line":377,"column":38}},"226":{"start":{"line":378,"column":6},"end":{"line":378,"column":34}},"227":{"start":{"line":379,"column":6},"end":{"line":379,"column":42}},"228":{"start":{"line":380,"column":6},"end":{"line":380,"column":13}},"229":{"start":{"line":385,"column":0},"end":{"line":399,"column":3}},"230":{"start":{"line":386,"column":2},"end":{"line":398,"column":5}},"231":{"start":{"line":387,"column":4},"end":{"line":397,"column":7}},"232":{"start":{"line":391,"column":6},"end":{"line":391,"column":29}},"233":{"start":{"line":392,"column":6},"end":{"line":392,"column":34}},"234":{"start":{"line":393,"column":6},"end":{"line":393,"column":38}},"235":{"start":{"line":394,"column":6},"end":{"line":394,"column":34}},"236":{"start":{"line":395,"column":6},"end":{"line":395,"column":42}},"237":{"start":{"line":396,"column":6},"end":{"line":396,"column":13}},"238":{"start":{"line":401,"column":0},"end":{"line":416,"column":3}},"239":{"start":{"line":402,"column":2},"end":{"line":415,"column":5}},"240":{"start":{"line":403,"column":4},"end":{"line":414,"column":7}},"241":{"start":{"line":407,"column":6},"end":{"line":407,"column":29}},"242":{"start":{"line":408,"column":6},"end":{"line":408,"column":34}},"243":{"start":{"line":409,"column":6},"end":{"line":409,"column":74}},"244":{"start":{"line":410,"column":6},"end":{"line":410,"column":38}},"245":{"start":{"line":411,"column":6},"end":{"line":411,"column":34}},"246":{"start":{"line":412,"column":6},"end":{"line":412,"column":42}},"247":{"start":{"line":413,"column":6},"end":{"line":413,"column":13}},"248":{"start":{"line":418,"column":0},"end":{"line":430,"column":3}},"249":{"start":{"line":419,"column":2},"end":{"line":429,"column":5}},"250":{"start":{"line":420,"column":4},"end":{"line":428,"column":7}},"251":{"start":{"line":421,"column":6},"end":{"line":421,"column":29}},"252":{"start":{"line":422,"column":6},"end":{"line":422,"column":34}},"253":{"start":{"line":423,"column":6},"end":{"line":423,"column":59}},"254":{"start":{"line":424,"column":6},"end":{"line":424,"column":38}},"255":{"start":{"line":425,"column":6},"end":{"line":425,"column":34}},"256":{"start":{"line":426,"column":6},"end":{"line":426,"column":42}},"257":{"start":{"line":427,"column":6},"end":{"line":427,"column":13}},"258":{"start":{"line":432,"column":0},"end":{"line":447,"column":3}},"259":{"start":{"line":433,"column":2},"end":{"line":446,"column":5}},"260":{"start":{"line":434,"column":4},"end":{"line":445,"column":7}},"261":{"start":{"line":438,"column":6},"end":{"line":438,"column":29}},"262":{"start":{"line":439,"column":6},"end":{"line":439,"column":34}},"263":{"start":{"line":440,"column":6},"end":{"line":440,"column":59}},"264":{"start":{"line":441,"column":6},"end":{"line":441,"column":38}},"265":{"start":{"line":442,"column":6},"end":{"line":442,"column":34}},"266":{"start":{"line":443,"column":6},"end":{"line":443,"column":42}},"267":{"start":{"line":444,"column":6},"end":{"line":444,"column":13}},"268":{"start":{"line":449,"column":0},"end":{"line":463,"column":3}},"269":{"start":{"line":450,"column":2},"end":{"line":462,"column":5}},"270":{"start":{"line":451,"column":4},"end":{"line":461,"column":7}},"271":{"start":{"line":455,"column":6},"end":{"line":455,"column":29}},"272":{"start":{"line":456,"column":6},"end":{"line":456,"column":34}},"273":{"start":{"line":457,"column":6},"end":{"line":457,"column":38}},"274":{"start":{"line":458,"column":6},"end":{"line":458,"column":34}},"275":{"start":{"line":459,"column":6},"end":{"line":459,"column":42}},"276":{"start":{"line":460,"column":6},"end":{"line":460,"column":13}},"277":{"start":{"line":465,"column":0},"end":{"line":478,"column":3}},"278":{"start":{"line":466,"column":2},"end":{"line":477,"column":5}},"279":{"start":{"line":467,"column":4},"end":{"line":476,"column":7}},"280":{"start":{"line":470,"column":6},"end":{"line":470,"column":29}},"281":{"start":{"line":471,"column":6},"end":{"line":471,"column":34}},"282":{"start":{"line":472,"column":6},"end":{"line":472,"column":38}},"283":{"start":{"line":473,"column":6},"end":{"line":473,"column":34}},"284":{"start":{"line":474,"column":6},"end":{"line":474,"column":42}},"285":{"start":{"line":475,"column":6},"end":{"line":475,"column":13}},"286":{"start":{"line":480,"column":0},"end":{"line":493,"column":3}},"287":{"start":{"line":481,"column":2},"end":{"line":492,"column":5}},"288":{"start":{"line":482,"column":4},"end":{"line":491,"column":7}},"289":{"start":{"line":485,"column":6},"end":{"line":485,"column":29}},"290":{"start":{"line":486,"column":6},"end":{"line":486,"column":34}},"291":{"start":{"line":487,"column":6},"end":{"line":487,"column":38}},"292":{"start":{"line":488,"column":6},"end":{"line":488,"column":34}},"293":{"start":{"line":489,"column":6},"end":{"line":489,"column":42}},"294":{"start":{"line":490,"column":6},"end":{"line":490,"column":13}},"295":{"start":{"line":495,"column":0},"end":{"line":516,"column":3}},"296":{"start":{"line":496,"column":2},"end":{"line":515,"column":5}},"297":{"start":{"line":497,"column":4},"end":{"line":514,"column":7}},"298":{"start":{"line":507,"column":6},"end":{"line":507,"column":29}},"299":{"start":{"line":508,"column":6},"end":{"line":508,"column":34}},"300":{"start":{"line":509,"column":6},"end":{"line":509,"column":59}},"301":{"start":{"line":510,"column":6},"end":{"line":510,"column":38}},"302":{"start":{"line":511,"column":6},"end":{"line":511,"column":34}},"303":{"start":{"line":512,"column":6},"end":{"line":512,"column":42}},"304":{"start":{"line":513,"column":6},"end":{"line":513,"column":13}},"305":{"start":{"line":518,"column":0},"end":{"line":537,"column":3}},"306":{"start":{"line":519,"column":2},"end":{"line":536,"column":5}},"307":{"start":{"line":520,"column":4},"end":{"line":535,"column":7}},"308":{"start":{"line":529,"column":6},"end":{"line":529,"column":29}},"309":{"start":{"line":530,"column":6},"end":{"line":530,"column":34}},"310":{"start":{"line":531,"column":6},"end":{"line":531,"column":59}},"311":{"start":{"line":532,"column":6},"end":{"line":532,"column":34}},"312":{"start":{"line":533,"column":6},"end":{"line":533,"column":42}},"313":{"start":{"line":534,"column":6},"end":{"line":534,"column":13}},"314":{"start":{"line":539,"column":0},"end":{"line":554,"column":3}},"315":{"start":{"line":540,"column":2},"end":{"line":553,"column":5}},"316":{"start":{"line":541,"column":4},"end":{"line":552,"column":7}},"317":{"start":{"line":545,"column":6},"end":{"line":545,"column":29}},"318":{"start":{"line":546,"column":6},"end":{"line":546,"column":34}},"319":{"start":{"line":547,"column":6},"end":{"line":547,"column":59}},"320":{"start":{"line":548,"column":6},"end":{"line":548,"column":38}},"321":{"start":{"line":549,"column":6},"end":{"line":549,"column":34}},"322":{"start":{"line":550,"column":6},"end":{"line":550,"column":42}},"323":{"start":{"line":551,"column":6},"end":{"line":551,"column":13}},"324":{"start":{"line":556,"column":0},"end":{"line":571,"column":3}},"325":{"start":{"line":557,"column":2},"end":{"line":570,"column":5}},"326":{"start":{"line":558,"column":4},"end":{"line":569,"column":7}},"327":{"start":{"line":562,"column":6},"end":{"line":562,"column":29}},"328":{"start":{"line":563,"column":6},"end":{"line":563,"column":34}},"329":{"start":{"line":564,"column":6},"end":{"line":564,"column":59}},"330":{"start":{"line":565,"column":6},"end":{"line":565,"column":38}},"331":{"start":{"line":566,"column":6},"end":{"line":566,"column":34}},"332":{"start":{"line":567,"column":6},"end":{"line":567,"column":42}},"333":{"start":{"line":568,"column":6},"end":{"line":568,"column":13}},"334":{"start":{"line":573,"column":0},"end":{"line":588,"column":3}},"335":{"start":{"line":574,"column":2},"end":{"line":587,"column":5}},"336":{"start":{"line":575,"column":4},"end":{"line":586,"column":7}},"337":{"start":{"line":579,"column":6},"end":{"line":579,"column":29}},"338":{"start":{"line":580,"column":6},"end":{"line":580,"column":34}},"339":{"start":{"line":581,"column":6},"end":{"line":581,"column":59}},"340":{"start":{"line":582,"column":6},"end":{"line":582,"column":38}},"341":{"start":{"line":583,"column":6},"end":{"line":583,"column":34}},"342":{"start":{"line":584,"column":6},"end":{"line":584,"column":42}},"343":{"start":{"line":585,"column":6},"end":{"line":585,"column":13}},"344":{"start":{"line":590,"column":0},"end":{"line":605,"column":3}},"345":{"start":{"line":591,"column":2},"end":{"line":604,"column":5}},"346":{"start":{"line":592,"column":4},"end":{"line":603,"column":7}},"347":{"start":{"line":596,"column":6},"end":{"line":596,"column":29}},"348":{"start":{"line":597,"column":6},"end":{"line":597,"column":34}},"349":{"start":{"line":598,"column":6},"end":{"line":598,"column":59}},"350":{"start":{"line":599,"column":6},"end":{"line":599,"column":38}},"351":{"start":{"line":600,"column":6},"end":{"line":600,"column":34}},"352":{"start":{"line":601,"column":6},"end":{"line":601,"column":42}},"353":{"start":{"line":602,"column":6},"end":{"line":602,"column":13}},"354":{"start":{"line":607,"column":0},"end":{"line":622,"column":3}},"355":{"start":{"line":608,"column":2},"end":{"line":621,"column":5}},"356":{"start":{"line":609,"column":4},"end":{"line":620,"column":7}},"357":{"start":{"line":613,"column":6},"end":{"line":613,"column":29}},"358":{"start":{"line":614,"column":6},"end":{"line":614,"column":34}},"359":{"start":{"line":615,"column":6},"end":{"line":615,"column":59}},"360":{"start":{"line":616,"column":6},"end":{"line":616,"column":38}},"361":{"start":{"line":617,"column":6},"end":{"line":617,"column":34}},"362":{"start":{"line":618,"column":6},"end":{"line":618,"column":42}},"363":{"start":{"line":619,"column":6},"end":{"line":619,"column":13}},"364":{"start":{"line":624,"column":0},"end":{"line":645,"column":3}},"365":{"start":{"line":625,"column":2},"end":{"line":644,"column":5}},"366":{"start":{"line":626,"column":4},"end":{"line":643,"column":7}},"367":{"start":{"line":636,"column":6},"end":{"line":636,"column":29}},"368":{"start":{"line":637,"column":6},"end":{"line":637,"column":34}},"369":{"start":{"line":638,"column":6},"end":{"line":638,"column":59}},"370":{"start":{"line":639,"column":6},"end":{"line":639,"column":38}},"371":{"start":{"line":640,"column":6},"end":{"line":640,"column":34}},"372":{"start":{"line":641,"column":6},"end":{"line":641,"column":42}},"373":{"start":{"line":642,"column":6},"end":{"line":642,"column":13}},"374":{"start":{"line":647,"column":0},"end":{"line":668,"column":3}},"375":{"start":{"line":648,"column":2},"end":{"line":667,"column":5}},"376":{"start":{"line":649,"column":4},"end":{"line":666,"column":7}},"377":{"start":{"line":659,"column":6},"end":{"line":659,"column":29}},"378":{"start":{"line":660,"column":6},"end":{"line":660,"column":34}},"379":{"start":{"line":661,"column":6},"end":{"line":661,"column":59}},"380":{"start":{"line":662,"column":6},"end":{"line":662,"column":38}},"381":{"start":{"line":663,"column":6},"end":{"line":663,"column":34}},"382":{"start":{"line":664,"column":6},"end":{"line":664,"column":42}},"383":{"start":{"line":665,"column":6},"end":{"line":665,"column":13}},"384":{"start":{"line":670,"column":0},"end":{"line":691,"column":3}},"385":{"start":{"line":671,"column":2},"end":{"line":690,"column":5}},"386":{"start":{"line":672,"column":4},"end":{"line":689,"column":7}},"387":{"start":{"line":682,"column":6},"end":{"line":682,"column":29}},"388":{"start":{"line":683,"column":6},"end":{"line":683,"column":34}},"389":{"start":{"line":684,"column":6},"end":{"line":684,"column":59}},"390":{"start":{"line":685,"column":6},"end":{"line":685,"column":38}},"391":{"start":{"line":686,"column":6},"end":{"line":686,"column":34}},"392":{"start":{"line":687,"column":6},"end":{"line":687,"column":42}},"393":{"start":{"line":688,"column":6},"end":{"line":688,"column":13}},"394":{"start":{"line":693,"column":0},"end":{"line":714,"column":3}},"395":{"start":{"line":694,"column":2},"end":{"line":713,"column":5}},"396":{"start":{"line":695,"column":4},"end":{"line":712,"column":7}},"397":{"start":{"line":705,"column":6},"end":{"line":705,"column":29}},"398":{"start":{"line":706,"column":6},"end":{"line":706,"column":34}},"399":{"start":{"line":707,"column":6},"end":{"line":707,"column":59}},"400":{"start":{"line":708,"column":6},"end":{"line":708,"column":38}},"401":{"start":{"line":709,"column":6},"end":{"line":709,"column":34}},"402":{"start":{"line":710,"column":6},"end":{"line":710,"column":42}},"403":{"start":{"line":711,"column":6},"end":{"line":711,"column":13}},"404":{"start":{"line":716,"column":0},"end":{"line":727,"column":3}},"405":{"start":{"line":717,"column":2},"end":{"line":726,"column":5}},"406":{"start":{"line":718,"column":4},"end":{"line":725,"column":7}},"407":{"start":{"line":719,"column":6},"end":{"line":719,"column":29}},"408":{"start":{"line":720,"column":6},"end":{"line":720,"column":34}},"409":{"start":{"line":721,"column":6},"end":{"line":721,"column":38}},"410":{"start":{"line":722,"column":6},"end":{"line":722,"column":34}},"411":{"start":{"line":723,"column":6},"end":{"line":723,"column":42}},"412":{"start":{"line":724,"column":6},"end":{"line":724,"column":13}},"413":{"start":{"line":729,"column":0},"end":{"line":740,"column":3}},"414":{"start":{"line":730,"column":2},"end":{"line":739,"column":5}},"415":{"start":{"line":731,"column":4},"end":{"line":738,"column":7}},"416":{"start":{"line":732,"column":6},"end":{"line":732,"column":29}},"417":{"start":{"line":733,"column":6},"end":{"line":733,"column":34}},"418":{"start":{"line":734,"column":6},"end":{"line":734,"column":38}},"419":{"start":{"line":735,"column":6},"end":{"line":735,"column":34}},"420":{"start":{"line":736,"column":6},"end":{"line":736,"column":42}},"421":{"start":{"line":737,"column":6},"end":{"line":737,"column":13}},"422":{"start":{"line":742,"column":0},"end":{"line":756,"column":3}},"423":{"start":{"line":743,"column":2},"end":{"line":755,"column":5}},"424":{"start":{"line":744,"column":4},"end":{"line":754,"column":7}},"425":{"start":{"line":748,"column":6},"end":{"line":748,"column":29}},"426":{"start":{"line":749,"column":6},"end":{"line":749,"column":34}},"427":{"start":{"line":750,"column":6},"end":{"line":750,"column":38}},"428":{"start":{"line":751,"column":6},"end":{"line":751,"column":34}},"429":{"start":{"line":752,"column":6},"end":{"line":752,"column":42}},"430":{"start":{"line":753,"column":6},"end":{"line":753,"column":13}},"431":{"start":{"line":758,"column":0},"end":{"line":772,"column":3}},"432":{"start":{"line":759,"column":2},"end":{"line":771,"column":5}},"433":{"start":{"line":760,"column":4},"end":{"line":770,"column":7}},"434":{"start":{"line":764,"column":6},"end":{"line":764,"column":29}},"435":{"start":{"line":765,"column":6},"end":{"line":765,"column":34}},"436":{"start":{"line":766,"column":6},"end":{"line":766,"column":38}},"437":{"start":{"line":767,"column":6},"end":{"line":767,"column":34}},"438":{"start":{"line":768,"column":6},"end":{"line":768,"column":42}},"439":{"start":{"line":769,"column":6},"end":{"line":769,"column":13}}},"fnMap":{"0":{"name":"_interopRequireDefault","decl":{"start":{"line":23,"column":9},"end":{"line":23,"column":31}},"loc":{"start":{"line":23,"column":37},"end":{"line":23,"column":95}},"line":23},"1":{"name":"(anonymous_1)","decl":{"start":{"line":33,"column":37},"end":{"line":33,"column":38}},"loc":{"start":{"line":33,"column":43},"end":{"line":55,"column":1}},"line":33},"2":{"name":"(anonymous_2)","decl":{"start":{"line":34,"column":31},"end":{"line":34,"column":32}},"loc":{"start":{"line":34,"column":39},"end":{"line":54,"column":3}},"line":34},"3":{"name":"(anonymous_3)","decl":{"start":{"line":44,"column":11},"end":{"line":44,"column":12}},"loc":{"start":{"line":44,"column":25},"end":{"line":53,"column":5}},"line":44},"4":{"name":"(anonymous_4)","decl":{"start":{"line":57,"column":37},"end":{"line":57,"column":38}},"loc":{"start":{"line":57,"column":43},"end":{"line":78,"column":1}},"line":57},"5":{"name":"(anonymous_5)","decl":{"start":{"line":58,"column":39},"end":{"line":58,"column":40}},"loc":{"start":{"line":58,"column":47},"end":{"line":77,"column":3}},"line":58},"6":{"name":"(anonymous_6)","decl":{"start":{"line":68,"column":11},"end":{"line":68,"column":12}},"loc":{"start":{"line":68,"column":25},"end":{"line":76,"column":5}},"line":68},"7":{"name":"(anonymous_7)","decl":{"start":{"line":80,"column":36},"end":{"line":80,"column":37}},"loc":{"start":{"line":80,"column":42},"end":{"line":96,"column":1}},"line":80},"8":{"name":"(anonymous_8)","decl":{"start":{"line":81,"column":28},"end":{"line":81,"column":29}},"loc":{"start":{"line":81,"column":36},"end":{"line":95,"column":3}},"line":81},"9":{"name":"(anonymous_9)","decl":{"start":{"line":85,"column":11},"end":{"line":85,"column":12}},"loc":{"start":{"line":85,"column":25},"end":{"line":94,"column":5}},"line":85},"10":{"name":"(anonymous_10)","decl":{"start":{"line":98,"column":19},"end":{"line":98,"column":20}},"loc":{"start":{"line":98,"column":25},"end":{"line":108,"column":1}},"line":98},"11":{"name":"(anonymous_11)","decl":{"start":{"line":99,"column":42},"end":{"line":99,"column":43}},"loc":{"start":{"line":99,"column":50},"end":{"line":107,"column":3}},"line":99},"12":{"name":"(anonymous_12)","decl":{"start":{"line":100,"column":63},"end":{"line":100,"column":64}},"loc":{"start":{"line":100,"column":77},"end":{"line":106,"column":5}},"line":100},"13":{"name":"(anonymous_13)","decl":{"start":{"line":110,"column":28},"end":{"line":110,"column":29}},"loc":{"start":{"line":110,"column":34},"end":{"line":122,"column":1}},"line":110},"14":{"name":"(anonymous_14)","decl":{"start":{"line":111,"column":55},"end":{"line":111,"column":56}},"loc":{"start":{"line":111,"column":63},"end":{"line":121,"column":3}},"line":111},"15":{"name":"(anonymous_15)","decl":{"start":{"line":112,"column":71},"end":{"line":112,"column":72}},"loc":{"start":{"line":112,"column":85},"end":{"line":120,"column":5}},"line":112},"16":{"name":"(anonymous_16)","decl":{"start":{"line":124,"column":30},"end":{"line":124,"column":31}},"loc":{"start":{"line":124,"column":36},"end":{"line":136,"column":1}},"line":124},"17":{"name":"(anonymous_17)","decl":{"start":{"line":125,"column":46},"end":{"line":125,"column":47}},"loc":{"start":{"line":125,"column":54},"end":{"line":135,"column":3}},"line":125},"18":{"name":"(anonymous_18)","decl":{"start":{"line":126,"column":71},"end":{"line":126,"column":72}},"loc":{"start":{"line":126,"column":85},"end":{"line":134,"column":5}},"line":126},"19":{"name":"(anonymous_19)","decl":{"start":{"line":138,"column":30},"end":{"line":138,"column":31}},"loc":{"start":{"line":138,"column":36},"end":{"line":150,"column":1}},"line":138},"20":{"name":"(anonymous_20)","decl":{"start":{"line":139,"column":46},"end":{"line":139,"column":47}},"loc":{"start":{"line":139,"column":54},"end":{"line":149,"column":3}},"line":139},"21":{"name":"(anonymous_21)","decl":{"start":{"line":140,"column":71},"end":{"line":140,"column":72}},"loc":{"start":{"line":140,"column":85},"end":{"line":148,"column":5}},"line":140},"22":{"name":"(anonymous_22)","decl":{"start":{"line":152,"column":34},"end":{"line":152,"column":35}},"loc":{"start":{"line":152,"column":40},"end":{"line":164,"column":1}},"line":152},"23":{"name":"(anonymous_23)","decl":{"start":{"line":153,"column":52},"end":{"line":153,"column":53}},"loc":{"start":{"line":153,"column":60},"end":{"line":163,"column":3}},"line":153},"24":{"name":"(anonymous_24)","decl":{"start":{"line":154,"column":108},"end":{"line":154,"column":109}},"loc":{"start":{"line":154,"column":122},"end":{"line":162,"column":5}},"line":154},"25":{"name":"(anonymous_25)","decl":{"start":{"line":166,"column":34},"end":{"line":166,"column":35}},"loc":{"start":{"line":166,"column":40},"end":{"line":179,"column":1}},"line":166},"26":{"name":"(anonymous_26)","decl":{"start":{"line":167,"column":57},"end":{"line":167,"column":58}},"loc":{"start":{"line":167,"column":65},"end":{"line":178,"column":3}},"line":167},"27":{"name":"(anonymous_27)","decl":{"start":{"line":168,"column":77},"end":{"line":168,"column":78}},"loc":{"start":{"line":168,"column":91},"end":{"line":177,"column":5}},"line":168},"28":{"name":"(anonymous_28)","decl":{"start":{"line":181,"column":33},"end":{"line":181,"column":34}},"loc":{"start":{"line":181,"column":39},"end":{"line":199,"column":1}},"line":181},"29":{"name":"(anonymous_29)","decl":{"start":{"line":182,"column":57},"end":{"line":182,"column":58}},"loc":{"start":{"line":182,"column":65},"end":{"line":198,"column":3}},"line":182},"30":{"name":"(anonymous_30)","decl":{"start":{"line":188,"column":45},"end":{"line":188,"column":46}},"loc":{"start":{"line":188,"column":59},"end":{"line":197,"column":5}},"line":188},"31":{"name":"(anonymous_31)","decl":{"start":{"line":201,"column":33},"end":{"line":201,"column":34}},"loc":{"start":{"line":201,"column":39},"end":{"line":219,"column":1}},"line":201},"32":{"name":"(anonymous_32)","decl":{"start":{"line":202,"column":64},"end":{"line":202,"column":65}},"loc":{"start":{"line":202,"column":72},"end":{"line":218,"column":3}},"line":202},"33":{"name":"(anonymous_33)","decl":{"start":{"line":208,"column":45},"end":{"line":208,"column":46}},"loc":{"start":{"line":208,"column":59},"end":{"line":217,"column":5}},"line":208},"34":{"name":"(anonymous_34)","decl":{"start":{"line":221,"column":33},"end":{"line":221,"column":34}},"loc":{"start":{"line":221,"column":39},"end":{"line":238,"column":1}},"line":221},"35":{"name":"(anonymous_35)","decl":{"start":{"line":222,"column":62},"end":{"line":222,"column":63}},"loc":{"start":{"line":222,"column":70},"end":{"line":237,"column":3}},"line":222},"36":{"name":"(anonymous_36)","decl":{"start":{"line":227,"column":45},"end":{"line":227,"column":46}},"loc":{"start":{"line":227,"column":59},"end":{"line":236,"column":5}},"line":227},"37":{"name":"(anonymous_37)","decl":{"start":{"line":240,"column":33},"end":{"line":240,"column":34}},"loc":{"start":{"line":240,"column":39},"end":{"line":257,"column":1}},"line":240},"38":{"name":"(anonymous_38)","decl":{"start":{"line":241,"column":61},"end":{"line":241,"column":62}},"loc":{"start":{"line":241,"column":69},"end":{"line":256,"column":3}},"line":241},"39":{"name":"(anonymous_39)","decl":{"start":{"line":246,"column":45},"end":{"line":246,"column":46}},"loc":{"start":{"line":246,"column":59},"end":{"line":255,"column":5}},"line":246},"40":{"name":"(anonymous_40)","decl":{"start":{"line":259,"column":61},"end":{"line":259,"column":62}},"loc":{"start":{"line":259,"column":67},"end":{"line":269,"column":1}},"line":259},"41":{"name":"(anonymous_41)","decl":{"start":{"line":260,"column":53},"end":{"line":260,"column":54}},"loc":{"start":{"line":260,"column":61},"end":{"line":268,"column":3}},"line":260},"42":{"name":"(anonymous_42)","decl":{"start":{"line":261,"column":77},"end":{"line":261,"column":78}},"loc":{"start":{"line":261,"column":91},"end":{"line":267,"column":5}},"line":261},"43":{"name":"(anonymous_43)","decl":{"start":{"line":271,"column":56},"end":{"line":271,"column":57}},"loc":{"start":{"line":271,"column":62},"end":{"line":281,"column":1}},"line":271},"44":{"name":"(anonymous_44)","decl":{"start":{"line":272,"column":68},"end":{"line":272,"column":69}},"loc":{"start":{"line":272,"column":76},"end":{"line":280,"column":3}},"line":272},"45":{"name":"(anonymous_45)","decl":{"start":{"line":273,"column":108},"end":{"line":273,"column":109}},"loc":{"start":{"line":273,"column":122},"end":{"line":279,"column":5}},"line":273},"46":{"name":"(anonymous_46)","decl":{"start":{"line":283,"column":39},"end":{"line":283,"column":40}},"loc":{"start":{"line":283,"column":45},"end":{"line":298,"column":1}},"line":283},"47":{"name":"(anonymous_47)","decl":{"start":{"line":284,"column":56},"end":{"line":284,"column":57}},"loc":{"start":{"line":284,"column":64},"end":{"line":297,"column":3}},"line":284},"48":{"name":"(anonymous_48)","decl":{"start":{"line":287,"column":45},"end":{"line":287,"column":46}},"loc":{"start":{"line":287,"column":59},"end":{"line":296,"column":5}},"line":287},"49":{"name":"(anonymous_49)","decl":{"start":{"line":300,"column":39},"end":{"line":300,"column":40}},"loc":{"start":{"line":300,"column":45},"end":{"line":314,"column":1}},"line":300},"50":{"name":"(anonymous_50)","decl":{"start":{"line":301,"column":78},"end":{"line":301,"column":79}},"loc":{"start":{"line":301,"column":86},"end":{"line":313,"column":3}},"line":301},"51":{"name":"(anonymous_51)","decl":{"start":{"line":304,"column":45},"end":{"line":304,"column":46}},"loc":{"start":{"line":304,"column":59},"end":{"line":312,"column":5}},"line":304},"52":{"name":"(anonymous_52)","decl":{"start":{"line":316,"column":39},"end":{"line":316,"column":40}},"loc":{"start":{"line":316,"column":45},"end":{"line":331,"column":1}},"line":316},"53":{"name":"(anonymous_53)","decl":{"start":{"line":317,"column":70},"end":{"line":317,"column":71}},"loc":{"start":{"line":317,"column":78},"end":{"line":330,"column":3}},"line":317},"54":{"name":"(anonymous_54)","decl":{"start":{"line":320,"column":45},"end":{"line":320,"column":46}},"loc":{"start":{"line":320,"column":59},"end":{"line":329,"column":5}},"line":320},"55":{"name":"(anonymous_55)","decl":{"start":{"line":334,"column":43},"end":{"line":334,"column":44}},"loc":{"start":{"line":334,"column":49},"end":{"line":348,"column":1}},"line":334},"56":{"name":"(anonymous_56)","decl":{"start":{"line":335,"column":67},"end":{"line":335,"column":68}},"loc":{"start":{"line":335,"column":75},"end":{"line":347,"column":3}},"line":335},"57":{"name":"(anonymous_57)","decl":{"start":{"line":338,"column":45},"end":{"line":338,"column":46}},"loc":{"start":{"line":338,"column":59},"end":{"line":346,"column":5}},"line":338},"58":{"name":"(anonymous_58)","decl":{"start":{"line":350,"column":29},"end":{"line":350,"column":30}},"loc":{"start":{"line":350,"column":35},"end":{"line":365,"column":1}},"line":350},"59":{"name":"(anonymous_59)","decl":{"start":{"line":351,"column":73},"end":{"line":351,"column":74}},"loc":{"start":{"line":351,"column":81},"end":{"line":364,"column":3}},"line":351},"60":{"name":"(anonymous_60)","decl":{"start":{"line":355,"column":45},"end":{"line":355,"column":46}},"loc":{"start":{"line":355,"column":59},"end":{"line":363,"column":5}},"line":355},"61":{"name":"(anonymous_61)","decl":{"start":{"line":367,"column":29},"end":{"line":367,"column":30}},"loc":{"start":{"line":367,"column":35},"end":{"line":383,"column":1}},"line":367},"62":{"name":"(anonymous_62)","decl":{"start":{"line":368,"column":73},"end":{"line":368,"column":74}},"loc":{"start":{"line":368,"column":81},"end":{"line":382,"column":3}},"line":368},"63":{"name":"(anonymous_63)","decl":{"start":{"line":372,"column":45},"end":{"line":372,"column":46}},"loc":{"start":{"line":372,"column":59},"end":{"line":381,"column":5}},"line":372},"64":{"name":"(anonymous_64)","decl":{"start":{"line":385,"column":29},"end":{"line":385,"column":30}},"loc":{"start":{"line":385,"column":35},"end":{"line":399,"column":1}},"line":385},"65":{"name":"(anonymous_65)","decl":{"start":{"line":386,"column":79},"end":{"line":386,"column":80}},"loc":{"start":{"line":386,"column":87},"end":{"line":398,"column":3}},"line":386},"66":{"name":"(anonymous_66)","decl":{"start":{"line":390,"column":45},"end":{"line":390,"column":46}},"loc":{"start":{"line":390,"column":59},"end":{"line":397,"column":5}},"line":390},"67":{"name":"(anonymous_67)","decl":{"start":{"line":401,"column":29},"end":{"line":401,"column":30}},"loc":{"start":{"line":401,"column":35},"end":{"line":416,"column":1}},"line":401},"68":{"name":"(anonymous_68)","decl":{"start":{"line":402,"column":60},"end":{"line":402,"column":61}},"loc":{"start":{"line":402,"column":68},"end":{"line":415,"column":3}},"line":402},"69":{"name":"(anonymous_69)","decl":{"start":{"line":406,"column":45},"end":{"line":406,"column":46}},"loc":{"start":{"line":406,"column":59},"end":{"line":414,"column":5}},"line":406},"70":{"name":"(anonymous_70)","decl":{"start":{"line":418,"column":34},"end":{"line":418,"column":35}},"loc":{"start":{"line":418,"column":40},"end":{"line":430,"column":1}},"line":418},"71":{"name":"(anonymous_71)","decl":{"start":{"line":419,"column":52},"end":{"line":419,"column":53}},"loc":{"start":{"line":419,"column":60},"end":{"line":429,"column":3}},"line":419},"72":{"name":"(anonymous_72)","decl":{"start":{"line":420,"column":142},"end":{"line":420,"column":143}},"loc":{"start":{"line":420,"column":156},"end":{"line":428,"column":5}},"line":420},"73":{"name":"(anonymous_73)","decl":{"start":{"line":432,"column":29},"end":{"line":432,"column":30}},"loc":{"start":{"line":432,"column":35},"end":{"line":447,"column":1}},"line":432},"74":{"name":"(anonymous_74)","decl":{"start":{"line":433,"column":61},"end":{"line":433,"column":62}},"loc":{"start":{"line":433,"column":69},"end":{"line":446,"column":3}},"line":433},"75":{"name":"(anonymous_75)","decl":{"start":{"line":437,"column":45},"end":{"line":437,"column":46}},"loc":{"start":{"line":437,"column":59},"end":{"line":445,"column":5}},"line":437},"76":{"name":"(anonymous_76)","decl":{"start":{"line":449,"column":29},"end":{"line":449,"column":30}},"loc":{"start":{"line":449,"column":35},"end":{"line":463,"column":1}},"line":449},"77":{"name":"(anonymous_77)","decl":{"start":{"line":450,"column":68},"end":{"line":450,"column":69}},"loc":{"start":{"line":450,"column":76},"end":{"line":462,"column":3}},"line":450},"78":{"name":"(anonymous_78)","decl":{"start":{"line":454,"column":45},"end":{"line":454,"column":46}},"loc":{"start":{"line":454,"column":59},"end":{"line":461,"column":5}},"line":454},"79":{"name":"(anonymous_79)","decl":{"start":{"line":465,"column":28},"end":{"line":465,"column":29}},"loc":{"start":{"line":465,"column":34},"end":{"line":478,"column":1}},"line":465},"80":{"name":"(anonymous_80)","decl":{"start":{"line":466,"column":51},"end":{"line":466,"column":52}},"loc":{"start":{"line":466,"column":59},"end":{"line":477,"column":3}},"line":466},"81":{"name":"(anonymous_81)","decl":{"start":{"line":469,"column":45},"end":{"line":469,"column":46}},"loc":{"start":{"line":469,"column":59},"end":{"line":476,"column":5}},"line":469},"82":{"name":"(anonymous_82)","decl":{"start":{"line":480,"column":28},"end":{"line":480,"column":29}},"loc":{"start":{"line":480,"column":34},"end":{"line":493,"column":1}},"line":480},"83":{"name":"(anonymous_83)","decl":{"start":{"line":481,"column":52},"end":{"line":481,"column":53}},"loc":{"start":{"line":481,"column":60},"end":{"line":492,"column":3}},"line":481},"84":{"name":"(anonymous_84)","decl":{"start":{"line":484,"column":11},"end":{"line":484,"column":12}},"loc":{"start":{"line":484,"column":25},"end":{"line":491,"column":5}},"line":484},"85":{"name":"(anonymous_85)","decl":{"start":{"line":495,"column":37},"end":{"line":495,"column":38}},"loc":{"start":{"line":495,"column":43},"end":{"line":516,"column":1}},"line":495},"86":{"name":"(anonymous_86)","decl":{"start":{"line":496,"column":41},"end":{"line":496,"column":42}},"loc":{"start":{"line":496,"column":49},"end":{"line":515,"column":3}},"line":496},"87":{"name":"(anonymous_87)","decl":{"start":{"line":506,"column":11},"end":{"line":506,"column":12}},"loc":{"start":{"line":506,"column":25},"end":{"line":514,"column":5}},"line":506},"88":{"name":"(anonymous_88)","decl":{"start":{"line":518,"column":37},"end":{"line":518,"column":38}},"loc":{"start":{"line":518,"column":43},"end":{"line":537,"column":1}},"line":518},"89":{"name":"(anonymous_89)","decl":{"start":{"line":519,"column":41},"end":{"line":519,"column":42}},"loc":{"start":{"line":519,"column":49},"end":{"line":536,"column":3}},"line":519},"90":{"name":"(anonymous_90)","decl":{"start":{"line":528,"column":11},"end":{"line":528,"column":12}},"loc":{"start":{"line":528,"column":25},"end":{"line":535,"column":5}},"line":528},"91":{"name":"(anonymous_91)","decl":{"start":{"line":539,"column":36},"end":{"line":539,"column":37}},"loc":{"start":{"line":539,"column":42},"end":{"line":554,"column":1}},"line":539},"92":{"name":"(anonymous_92)","decl":{"start":{"line":540,"column":46},"end":{"line":540,"column":47}},"loc":{"start":{"line":540,"column":54},"end":{"line":553,"column":3}},"line":540},"93":{"name":"(anonymous_93)","decl":{"start":{"line":544,"column":11},"end":{"line":544,"column":12}},"loc":{"start":{"line":544,"column":25},"end":{"line":552,"column":5}},"line":544},"94":{"name":"(anonymous_94)","decl":{"start":{"line":556,"column":36},"end":{"line":556,"column":37}},"loc":{"start":{"line":556,"column":42},"end":{"line":571,"column":1}},"line":556},"95":{"name":"(anonymous_95)","decl":{"start":{"line":557,"column":53},"end":{"line":557,"column":54}},"loc":{"start":{"line":557,"column":61},"end":{"line":570,"column":3}},"line":557},"96":{"name":"(anonymous_96)","decl":{"start":{"line":561,"column":11},"end":{"line":561,"column":12}},"loc":{"start":{"line":561,"column":25},"end":{"line":569,"column":5}},"line":561},"97":{"name":"(anonymous_97)","decl":{"start":{"line":573,"column":36},"end":{"line":573,"column":37}},"loc":{"start":{"line":573,"column":42},"end":{"line":588,"column":1}},"line":573},"98":{"name":"(anonymous_98)","decl":{"start":{"line":574,"column":46},"end":{"line":574,"column":47}},"loc":{"start":{"line":574,"column":54},"end":{"line":587,"column":3}},"line":574},"99":{"name":"(anonymous_99)","decl":{"start":{"line":578,"column":11},"end":{"line":578,"column":12}},"loc":{"start":{"line":578,"column":25},"end":{"line":586,"column":5}},"line":578},"100":{"name":"(anonymous_100)","decl":{"start":{"line":590,"column":36},"end":{"line":590,"column":37}},"loc":{"start":{"line":590,"column":42},"end":{"line":605,"column":1}},"line":590},"101":{"name":"(anonymous_101)","decl":{"start":{"line":591,"column":45},"end":{"line":591,"column":46}},"loc":{"start":{"line":591,"column":53},"end":{"line":604,"column":3}},"line":591},"102":{"name":"(anonymous_102)","decl":{"start":{"line":595,"column":11},"end":{"line":595,"column":12}},"loc":{"start":{"line":595,"column":25},"end":{"line":603,"column":5}},"line":595},"103":{"name":"(anonymous_103)","decl":{"start":{"line":607,"column":36},"end":{"line":607,"column":37}},"loc":{"start":{"line":607,"column":42},"end":{"line":622,"column":1}},"line":607},"104":{"name":"(anonymous_104)","decl":{"start":{"line":608,"column":64},"end":{"line":608,"column":65}},"loc":{"start":{"line":608,"column":72},"end":{"line":621,"column":3}},"line":608},"105":{"name":"(anonymous_105)","decl":{"start":{"line":612,"column":11},"end":{"line":612,"column":12}},"loc":{"start":{"line":612,"column":25},"end":{"line":620,"column":5}},"line":612},"106":{"name":"(anonymous_106)","decl":{"start":{"line":624,"column":37},"end":{"line":624,"column":38}},"loc":{"start":{"line":624,"column":43},"end":{"line":645,"column":1}},"line":624},"107":{"name":"(anonymous_107)","decl":{"start":{"line":625,"column":48},"end":{"line":625,"column":49}},"loc":{"start":{"line":625,"column":56},"end":{"line":644,"column":3}},"line":625},"108":{"name":"(anonymous_108)","decl":{"start":{"line":635,"column":11},"end":{"line":635,"column":12}},"loc":{"start":{"line":635,"column":25},"end":{"line":643,"column":5}},"line":635},"109":{"name":"(anonymous_109)","decl":{"start":{"line":647,"column":37},"end":{"line":647,"column":38}},"loc":{"start":{"line":647,"column":43},"end":{"line":668,"column":1}},"line":647},"110":{"name":"(anonymous_110)","decl":{"start":{"line":648,"column":50},"end":{"line":648,"column":51}},"loc":{"start":{"line":648,"column":58},"end":{"line":667,"column":3}},"line":648},"111":{"name":"(anonymous_111)","decl":{"start":{"line":658,"column":11},"end":{"line":658,"column":12}},"loc":{"start":{"line":658,"column":25},"end":{"line":666,"column":5}},"line":658},"112":{"name":"(anonymous_112)","decl":{"start":{"line":670,"column":37},"end":{"line":670,"column":38}},"loc":{"start":{"line":670,"column":43},"end":{"line":691,"column":1}},"line":670},"113":{"name":"(anonymous_113)","decl":{"start":{"line":671,"column":64},"end":{"line":671,"column":65}},"loc":{"start":{"line":671,"column":72},"end":{"line":690,"column":3}},"line":671},"114":{"name":"(anonymous_114)","decl":{"start":{"line":681,"column":11},"end":{"line":681,"column":12}},"loc":{"start":{"line":681,"column":25},"end":{"line":689,"column":5}},"line":681},"115":{"name":"(anonymous_115)","decl":{"start":{"line":693,"column":37},"end":{"line":693,"column":38}},"loc":{"start":{"line":693,"column":43},"end":{"line":714,"column":1}},"line":693},"116":{"name":"(anonymous_116)","decl":{"start":{"line":694,"column":52},"end":{"line":694,"column":53}},"loc":{"start":{"line":694,"column":60},"end":{"line":713,"column":3}},"line":694},"117":{"name":"(anonymous_117)","decl":{"start":{"line":704,"column":11},"end":{"line":704,"column":12}},"loc":{"start":{"line":704,"column":25},"end":{"line":712,"column":5}},"line":704},"118":{"name":"(anonymous_118)","decl":{"start":{"line":716,"column":40},"end":{"line":716,"column":41}},"loc":{"start":{"line":716,"column":46},"end":{"line":727,"column":1}},"line":716},"119":{"name":"(anonymous_119)","decl":{"start":{"line":717,"column":46},"end":{"line":717,"column":47}},"loc":{"start":{"line":717,"column":54},"end":{"line":726,"column":3}},"line":717},"120":{"name":"(anonymous_120)","decl":{"start":{"line":718,"column":112},"end":{"line":718,"column":113}},"loc":{"start":{"line":718,"column":126},"end":{"line":725,"column":5}},"line":718},"121":{"name":"(anonymous_121)","decl":{"start":{"line":729,"column":40},"end":{"line":729,"column":41}},"loc":{"start":{"line":729,"column":46},"end":{"line":740,"column":1}},"line":729},"122":{"name":"(anonymous_122)","decl":{"start":{"line":730,"column":57},"end":{"line":730,"column":58}},"loc":{"start":{"line":730,"column":65},"end":{"line":739,"column":3}},"line":730},"123":{"name":"(anonymous_123)","decl":{"start":{"line":731,"column":114},"end":{"line":731,"column":115}},"loc":{"start":{"line":731,"column":128},"end":{"line":738,"column":5}},"line":731},"124":{"name":"(anonymous_124)","decl":{"start":{"line":742,"column":34},"end":{"line":742,"column":35}},"loc":{"start":{"line":742,"column":40},"end":{"line":756,"column":1}},"line":742},"125":{"name":"(anonymous_125)","decl":{"start":{"line":743,"column":61},"end":{"line":743,"column":62}},"loc":{"start":{"line":743,"column":69},"end":{"line":755,"column":3}},"line":743},"126":{"name":"(anonymous_126)","decl":{"start":{"line":747,"column":45},"end":{"line":747,"column":46}},"loc":{"start":{"line":747,"column":59},"end":{"line":754,"column":5}},"line":747},"127":{"name":"(anonymous_127)","decl":{"start":{"line":758,"column":34},"end":{"line":758,"column":35}},"loc":{"start":{"line":758,"column":40},"end":{"line":772,"column":1}},"line":758},"128":{"name":"(anonymous_128)","decl":{"start":{"line":759,"column":46},"end":{"line":759,"column":47}},"loc":{"start":{"line":759,"column":54},"end":{"line":771,"column":3}},"line":759},"129":{"name":"(anonymous_129)","decl":{"start":{"line":763,"column":45},"end":{"line":763,"column":46}},"loc":{"start":{"line":763,"column":59},"end":{"line":770,"column":5}},"line":763}},"branchMap":{"0":{"loc":{"start":{"line":23,"column":46},"end":{"line":23,"column":92}},"type":"cond-expr","locations":[{"start":{"line":23,"column":70},"end":{"line":23,"column":73}},{"start":{"line":23,"column":76},"end":{"line":23,"column":92}}],"line":23},"1":{"loc":{"start":{"line":23,"column":46},"end":{"line":23,"column":67}},"type":"binary-expr","locations":[{"start":{"line":23,"column":46},"end":{"line":23,"column":49}},{"start":{"line":23,"column":53},"end":{"line":23,"column":67}}],"line":23}},"s":{"0":1,"1":1,"2":1,"3":1,"4":1,"5":1,"6":1,"7":1,"8":1,"9":1,"10":5,"11":1,"12":1,"13":1,"14":1,"15":1,"16":1,"17":1,"18":1,"19":1,"20":1,"21":1,"22":1,"23":1,"24":1,"25":1,"26":1,"27":1,"28":1,"29":1,"30":1,"31":1,"32":1,"33":1,"34":1,"35":1,"36":1,"37":1,"38":1,"39":1,"40":1,"41":1,"42":1,"43":1,"44":1,"45":1,"46":1,"47":1,"48":1,"49":1,"50":1,"51":1,"52":1,"53":1,"54":1,"55":1,"56":1,"57":1,"58":1,"59":1,"60":1,"61":1,"62":1,"63":1,"64":1,"65":1,"66":1,"67":1,"68":1,"69":1,"70":1,"71":1,"72":1,"73":1,"74":1,"75":1,"76":1,"77":1,"78":1,"79":1,"80":1,"81":1,"82":1,"83":1,"84":1,"85":1,"86":1,"87":1,"88":1,"89":1,"90":1,"91":1,"92":1,"93":1,"94":1,"95":1,"96":1,"97":1,"98":1,"99":1,"100":1,"101":1,"102":1,"103":1,"104":1,"105":1,"106":1,"107":1,"108":1,"109":1,"110":1,"111":1,"112":1,"113":1,"114":1,"115":1,"116":1,"117":1,"118":1,"119":1,"120":1,"121":1,"122":1,"123":1,"124":1,"125":1,"126":1,"127":1,"128":1,"129":1,"130":1,"131":1,"132":1,"133":1,"134":1,"135":1,"136":1,"137":1,"138":1,"139":1,"140":1,"141":1,"142":1,"143":1,"144":1,"145":1,"146":1,"147":1,"148":1,"149":1,"150":1,"151":1,"152":1,"153":1,"154":1,"155":1,"156":1,"157":1,"158":1,"159":1,"160":1,"161":1,"162":1,"163":1,"164":1,"165":1,"166":1,"167":1,"168":1,"169":1,"170":1,"171":1,"172":1,"173":1,"174":1,"175":1,"176":1,"177":1,"178":1,"179":1,"180":1,"181":1,"182":1,"183":1,"184":1,"185":1,"186":1,"187":1,"188":1,"189":1,"190":1,"191":1,"192":1,"193":1,"194":1,"195":1,"196":1,"197":1,"198":1,"199":1,"200":1,"201":1,"202":1,"203":1,"204":1,"205":1,"206":1,"207":1,"208":1,"209":1,"210":1,"211":1,"212":1,"213":1,"214":1,"215":1,"216":1,"217":1,"218":1,"219":1,"220":1,"221":1,"222":1,"223":1,"224":1,"225":1,"226":1,"227":1,"228":1,"229":1,"230":1,"231":1,"232":1,"233":1,"234":1,"235":1,"236":1,"237":1,"238":1,"239":1,"240":1,"241":1,"242":1,"243":1,"244":1,"245":1,"246":1,"247":1,"248":1,"249":1,"250":1,"251":1,"252":1,"253":1,"254":1,"255":1,"256":1,"257":1,"258":1,"259":1,"260":1,"261":1,"262":1,"263":1,"264":1,"265":1,"266":1,"267":1,"268":1,"269":1,"270":1,"271":1,"272":1,"273":1,"274":1,"275":1,"276":1,"277":1,"278":1,"279":1,"280":1,"281":1,"282":1,"283":1,"284":1,"285":1,"286":1,"287":1,"288":1,"289":1,"290":1,"291":1,"292":1,"293":1,"294":1,"295":1,"296":1,"297":1,"298":1,"299":1,"300":1,"301":1,"302":1,"303":1,"304":1,"305":1,"306":1,"307":1,"308":1,"309":1,"310":1,"311":1,"312":1,"313":1,"314":1,"315":1,"316":1,"317":1,"318":1,"319":1,"320":1,"321":1,"322":1,"323":1,"324":1,"325":1,"326":1,"327":1,"328":1,"329":1,"330":1,"331":1,"332":1,"333":1,"334":1,"335":1,"336":1,"337":1,"338":1,"339":1,"340":1,"341":1,"342":1,"343":1,"344":1,"345":1,"346":1,"347":1,"348":1,"349":1,"350":1,"351":1,"352":1,"353":1,"354":1,"355":1,"356":1,"357":1,"358":1,"359":1,"360":1,"361":1,"362":1,"363":1,"364":1,"365":1,"366":1,"367":1,"368":1,"369":1,"370":1,"371":1,"372":1,"373":1,"374":1,"375":1,"376":1,"377":1,"378":1,"379":1,"380":1,"381":1,"382":1,"383":1,"384":1,"385":1,"386":1,"387":1,"388":1,"389":1,"390":1,"391":1,"392":1,"393":1,"394":1,"395":1,"396":1,"397":1,"398":1,"399":1,"400":1,"401":1,"402":1,"403":1,"404":1,"405":1,"406":1,"407":1,"408":1,"409":1,"410":1,"411":1,"412":1,"413":1,"414":1,"415":1,"416":1,"417":1,"418":1,"419":1,"420":1,"421":1,"422":1,"423":1,"424":1,"425":1,"426":1,"427":1,"428":1,"429":1,"430":1,"431":1,"432":1,"433":1,"434":1,"435":1,"436":1,"437":1,"438":1,"439":1},"f":{"0":5,"1":1,"2":1,"3":1,"4":1,"5":1,"6":1,"7":1,"8":1,"9":1,"10":1,"11":1,"12":1,"13":1,"14":1,"15":1,"16":1,"17":1,"18":1,"19":1,"20":1,"21":1,"22":1,"23":1,"24":1,"25":1,"26":1,"27":1,"28":1,"29":1,"30":1,"31":1,"32":1,"33":1,"34":1,"35":1,"36":1,"37":1,"38":1,"39":1,"40":1,"41":1,"42":1,"43":1,"44":1,"45":1,"46":1,"47":1,"48":1,"49":1,"50":1,"51":1,"52":1,"53":1,"54":1,"55":1,"56":1,"57":1,"58":1,"59":1,"60":1,"61":1,"62":1,"63":1,"64":1,"65":1,"66":1,"67":1,"68":1,"69":1,"70":1,"71":1,"72":1,"73":1,"74":1,"75":1,"76":1,"77":1,"78":1,"79":1,"80":1,"81":1,"82":1,"83":1,"84":1,"85":1,"86":1,"87":1,"88":1,"89":1,"90":1,"91":1,"92":1,"93":1,"94":1,"95":1,"96":1,"97":1,"98":1,"99":1,"100":1,"101":1,"102":1,"103":1,"104":1,"105":1,"106":1,"107":1,"108":1,"109":1,"110":1,"111":1,"112":1,"113":1,"114":1,"115":1,"116":1,"117":1,"118":1,"119":1,"120":1,"121":1,"122":1,"123":1,"124":1,"125":1,"126":1,"127":1,"128":1,"129":1},"b":{"0":[1,4],"1":[5,5]},"_coverageSchema":"43e27e138ebf9cfc5966b082cf9a028302ed4184","hash":"45c9c95cca3308b8212156a21ee9710801e94aaf","contentHash":"42391f5cd2d61ac3ec5ebceacc37d7e7"},"C:\\Users\\Hedgeware-IT\\Desktop\\Bootcamp\\Politico\\server\\index.js":{"path":"C:\\Users\\Hedgeware-IT\\Desktop\\Bootcamp\\Politico\\server\\index.js","statementMap":{"0":{"start":{"line":3,"column":0},"end":{"line":5,"column":3}},"1":{"start":{"line":7,"column":15},"end":{"line":7,"column":33}},"2":{"start":{"line":9,"column":16},"end":{"line":9,"column":48}},"3":{"start":{"line":11,"column":14},"end":{"line":11,"column":31}},"4":{"start":{"line":13,"column":15},"end":{"line":13,"column":46}},"5":{"start":{"line":15,"column":0},"end":{"line":15,"column":26}},"6":{"start":{"line":17,"column":24},"end":{"line":17,"column":53}},"7":{"start":{"line":19,"column":25},"end":{"line":19,"column":66}},"8":{"start":{"line":21,"column":12},"end":{"line":21,"column":27}},"9":{"start":{"line":23,"column":13},"end":{"line":23,"column":42}},"10":{"start":{"line":25,"column":22},"end":{"line":25,"column":56}},"11":{"start":{"line":27,"column":23},"end":{"line":27,"column":62}},"12":{"start":{"line":29,"column":23},"end":{"line":29,"column":58}},"13":{"start":{"line":31,"column":24},"end":{"line":31,"column":64}},"14":{"start":{"line":33,"column":16},"end":{"line":33,"column":44}},"15":{"start":{"line":35,"column":17},"end":{"line":35,"column":50}},"16":{"start":{"line":37,"column":12},"end":{"line":37,"column":36}},"17":{"start":{"line":39,"column":13},"end":{"line":39,"column":42}},"18":{"start":{"line":41,"column":14},"end":{"line":41,"column":40}},"19":{"start":{"line":43,"column":15},"end":{"line":43,"column":46}},"20":{"start":{"line":45,"column":39},"end":{"line":45,"column":93}},"21":{"start":{"line":47,"column":0},"end":{"line":47,"column":26}},"22":{"start":{"line":48,"column":12},"end":{"line":48,"column":36}},"23":{"start":{"line":50,"column":0},"end":{"line":50,"column":34}},"24":{"start":{"line":51,"column":0},"end":{"line":51,"column":31}},"25":{"start":{"line":52,"column":24},"end":{"line":52,"column":50}},"26":{"start":{"line":54,"column":0},"end":{"line":54,"column":106}},"27":{"start":{"line":55,"column":0},"end":{"line":58,"column":4}},"28":{"start":{"line":55,"column":33},"end":{"line":58,"column":2}},"29":{"start":{"line":60,"column":0},"end":{"line":60,"column":45}},"30":{"start":{"line":61,"column":0},"end":{"line":61,"column":46}},"31":{"start":{"line":62,"column":0},"end":{"line":62,"column":44}},"32":{"start":{"line":63,"column":0},"end":{"line":63,"column":35}},"33":{"start":{"line":64,"column":0},"end":{"line":64,"column":37}},"34":{"start":{"line":66,"column":0},"end":{"line":68,"column":4}},"35":{"start":{"line":66,"column":27},"end":{"line":68,"column":2}},"36":{"start":{"line":70,"column":13},"end":{"line":70,"column":17}},"37":{"start":{"line":72,"column":0},"end":{"line":72,"column":100}},"38":{"start":{"line":72,"column":48},"end":{"line":72,"column":98}},"39":{"start":{"line":74,"column":0},"end":{"line":74,"column":22}}},"fnMap":{"0":{"name":"_interopRequireDefault","decl":{"start":{"line":45,"column":9},"end":{"line":45,"column":31}},"loc":{"start":{"line":45,"column":37},"end":{"line":45,"column":95}},"line":45},"1":{"name":"(anonymous_1)","decl":{"start":{"line":55,"column":19},"end":{"line":55,"column":20}},"loc":{"start":{"line":55,"column":33},"end":{"line":58,"column":2}},"line":55},"2":{"name":"(anonymous_2)","decl":{"start":{"line":66,"column":13},"end":{"line":66,"column":14}},"loc":{"start":{"line":66,"column":27},"end":{"line":68,"column":2}},"line":66},"3":{"name":"(anonymous_3)","decl":{"start":{"line":72,"column":42},"end":{"line":72,"column":43}},"loc":{"start":{"line":72,"column":48},"end":{"line":72,"column":98}},"line":72}},"branchMap":{"0":{"loc":{"start":{"line":45,"column":46},"end":{"line":45,"column":92}},"type":"cond-expr","locations":[{"start":{"line":45,"column":70},"end":{"line":45,"column":73}},{"start":{"line":45,"column":76},"end":{"line":45,"column":92}}],"line":45},"1":{"loc":{"start":{"line":45,"column":46},"end":{"line":45,"column":67}},"type":"binary-expr","locations":[{"start":{"line":45,"column":46},"end":{"line":45,"column":49}},{"start":{"line":45,"column":53},"end":{"line":45,"column":67}}],"line":45},"2":{"loc":{"start":{"line":72,"column":11},"end":{"line":72,"column":40}},"type":"binary-expr","locations":[{"start":{"line":72,"column":11},"end":{"line":72,"column":27}},{"start":{"line":72,"column":31},"end":{"line":72,"column":40}}],"line":72}},"s":{"0":1,"1":1,"2":1,"3":1,"4":1,"5":1,"6":1,"7":1,"8":1,"9":1,"10":1,"11":1,"12":1,"13":1,"14":1,"15":1,"16":1,"17":1,"18":1,"19":1,"20":9,"21":1,"22":1,"23":1,"24":1,"25":1,"26":1,"27":1,"28":1,"29":1,"30":1,"31":1,"32":1,"33":1,"34":1,"35":1,"36":1,"37":1,"38":1,"39":1},"f":{"0":9,"1":1,"2":1,"3":1},"b":{"0":[5,4],"1":[9,9],"2":[1,1]},"_coverageSchema":"43e27e138ebf9cfc5966b082cf9a028302ed4184","hash":"c2fff7440c8db17ec11d5f347e2548c87e65557b","contentHash":"b6963a383c25cd65ce6fea5c2313c22c"},"C:\\Users\\Hedgeware-IT\\Desktop\\Bootcamp\\Politico\\server\\routes\\politicalParty.js":{"path":"C:\\Users\\Hedgeware-IT\\Desktop\\Bootcamp\\Politico\\server\\routes\\politicalParty.js","statementMap":{"0":{"start":{"line":3,"column":0},"end":{"line":5,"column":3}},"1":{"start":{"line":7,"column":15},"end":{"line":7,"column":33}},"2":{"start":{"line":9,"column":16},"end":{"line":9,"column":48}},"3":{"start":{"line":11,"column":26},"end":{"line":11,"column":69}},"4":{"start":{"line":13,"column":27},"end":{"line":13,"column":70}},"5":{"start":{"line":15,"column":19},"end":{"line":15,"column":55}},"6":{"start":{"line":17,"column":20},"end":{"line":17,"column":56}},"7":{"start":{"line":19,"column":21},"end":{"line":19,"column":59}},"8":{"start":{"line":21,"column":22},"end":{"line":21,"column":60}},"9":{"start":{"line":23,"column":22},"end":{"line":23,"column":62}},"10":{"start":{"line":25,"column":23},"end":{"line":25,"column":62}},"11":{"start":{"line":27,"column":39},"end":{"line":27,"column":93}},"12":{"start":{"line":29,"column":15},"end":{"line":29,"column":41}},"13":{"start":{"line":30,"column":24},"end":{"line":30,"column":45}},"14":{"start":{"line":31,"column":26},"end":{"line":31,"column":49}},"15":{"start":{"line":33,"column":51},"end":{"line":33,"column":79}},"16":{"start":{"line":41,"column":4},"end":{"line":41,"column":28}},"17":{"start":{"line":43,"column":0},"end":{"line":43,"column":87}},"18":{"start":{"line":44,"column":0},"end":{"line":44,"column":47}},"19":{"start":{"line":45,"column":0},"end":{"line":45,"column":39}},"20":{"start":{"line":46,"column":0},"end":{"line":46,"column":80}},"21":{"start":{"line":47,"column":0},"end":{"line":47,"column":102}},"22":{"start":{"line":49,"column":0},"end":{"line":49,"column":25}}},"fnMap":{"0":{"name":"_interopRequireDefault","decl":{"start":{"line":27,"column":9},"end":{"line":27,"column":31}},"loc":{"start":{"line":27,"column":37},"end":{"line":27,"column":95}},"line":27}},"branchMap":{"0":{"loc":{"start":{"line":27,"column":46},"end":{"line":27,"column":92}},"type":"cond-expr","locations":[{"start":{"line":27,"column":70},"end":{"line":27,"column":73}},{"start":{"line":27,"column":76},"end":{"line":27,"column":92}}],"line":27},"1":{"loc":{"start":{"line":27,"column":46},"end":{"line":27,"column":67}},"type":"binary-expr","locations":[{"start":{"line":27,"column":46},"end":{"line":27,"column":49}},{"start":{"line":27,"column":53},"end":{"line":27,"column":67}}],"line":27}},"s":{"0":1,"1":1,"2":1,"3":1,"4":1,"5":1,"6":1,"7":1,"8":1,"9":1,"10":1,"11":5,"12":1,"13":1,"14":1,"15":1,"16":1,"17":1,"18":1,"19":1,"20":1,"21":1,"22":1},"f":{"0":5},"b":{"0":[4,1],"1":[5,5]},"_coverageSchema":"43e27e138ebf9cfc5966b082cf9a028302ed4184","hash":"2527b136ca557ae14c03073a793ab34cff8ead55","contentHash":"4707fde15f74f3a0a6100c0913070482"},"C:\\Users\\Hedgeware-IT\\Desktop\\Bootcamp\\Politico\\server\\middleware\\validateMiddleware.js":{"path":"C:\\Users\\Hedgeware-IT\\Desktop\\Bootcamp\\Politico\\server\\middleware\\validateMiddleware.js","statementMap":{"0":{"start":{"line":3,"column":0},"end":{"line":5,"column":3}},"1":{"start":{"line":7,"column":17},"end":{"line":7,"column":39}},"2":{"start":{"line":9,"column":18},"end":{"line":9,"column":52}},"3":{"start":{"line":11,"column":39},"end":{"line":11,"column":93}},"4":{"start":{"line":13,"column":44},"end":{"line":13,"column":63}},"5":{"start":{"line":17,"column":39},"end":{"line":17,"column":47}},"6":{"start":{"line":19,"column":4},"end":{"line":24,"column":5}},"7":{"start":{"line":20,"column":6},"end":{"line":23,"column":9}},"8":{"start":{"line":26,"column":4},"end":{"line":33,"column":5}},"9":{"start":{"line":27,"column":6},"end":{"line":32,"column":7}},"10":{"start":{"line":28,"column":8},"end":{"line":31,"column":11}},"11":{"start":{"line":35,"column":4},"end":{"line":40,"column":5}},"12":{"start":{"line":36,"column":6},"end":{"line":39,"column":9}},"13":{"start":{"line":42,"column":4},"end":{"line":42,"column":18}},"14":{"start":{"line":46,"column":27},"end":{"line":46,"column":35}},"15":{"start":{"line":47,"column":4},"end":{"line":52,"column":5}},"16":{"start":{"line":48,"column":6},"end":{"line":51,"column":9}},"17":{"start":{"line":53,"column":4},"end":{"line":58,"column":5}},"18":{"start":{"line":54,"column":6},"end":{"line":57,"column":9}},"19":{"start":{"line":59,"column":20},"end":{"line":59,"column":38}},"20":{"start":{"line":61,"column":4},"end":{"line":83,"column":5}},"21":{"start":{"line":63,"column":8},"end":{"line":63,"column":22}},"22":{"start":{"line":64,"column":8},"end":{"line":64,"column":14}},"23":{"start":{"line":67,"column":8},"end":{"line":67,"column":22}},"24":{"start":{"line":68,"column":8},"end":{"line":68,"column":14}},"25":{"start":{"line":71,"column":8},"end":{"line":71,"column":22}},"26":{"start":{"line":72,"column":8},"end":{"line":72,"column":14}},"27":{"start":{"line":75,"column":8},"end":{"line":75,"column":22}},"28":{"start":{"line":76,"column":8},"end":{"line":76,"column":14}},"29":{"start":{"line":79,"column":8},"end":{"line":82,"column":11}},"30":{"start":{"line":84,"column":4},"end":{"line":84,"column":18}},"31":{"start":{"line":88,"column":21},"end":{"line":88,"column":29}},"32":{"start":{"line":89,"column":4},"end":{"line":94,"column":5}},"33":{"start":{"line":90,"column":6},"end":{"line":93,"column":9}},"34":{"start":{"line":95,"column":4},"end":{"line":95,"column":18}},"35":{"start":{"line":98,"column":0},"end":{"line":98,"column":33}}},"fnMap":{"0":{"name":"_interopRequireDefault","decl":{"start":{"line":11,"column":9},"end":{"line":11,"column":31}},"loc":{"start":{"line":11,"column":37},"end":{"line":11,"column":95}},"line":11},"1":{"name":"(anonymous_1)","decl":{"start":{"line":16,"column":2},"end":{"line":16,"column":3}},"loc":{"start":{"line":16,"column":45},"end":{"line":43,"column":3}},"line":16},"2":{"name":"(anonymous_2)","decl":{"start":{"line":45,"column":2},"end":{"line":45,"column":3}},"loc":{"start":{"line":45,"column":46},"end":{"line":85,"column":3}},"line":45},"3":{"name":"(anonymous_3)","decl":{"start":{"line":87,"column":2},"end":{"line":87,"column":3}},"loc":{"start":{"line":87,"column":43},"end":{"line":96,"column":3}},"line":87}},"branchMap":{"0":{"loc":{"start":{"line":11,"column":46},"end":{"line":11,"column":92}},"type":"cond-expr","locations":[{"start":{"line":11,"column":70},"end":{"line":11,"column":73}},{"start":{"line":11,"column":76},"end":{"line":11,"column":92}}],"line":11},"1":{"loc":{"start":{"line":11,"column":46},"end":{"line":11,"column":67}},"type":"binary-expr","locations":[{"start":{"line":11,"column":46},"end":{"line":11,"column":49}},{"start":{"line":11,"column":53},"end":{"line":11,"column":67}}],"line":11},"2":{"loc":{"start":{"line":19,"column":4},"end":{"line":24,"column":5}},"type":"if","locations":[{"start":{"line":19,"column":4},"end":{"line":24,"column":5}},{"start":{"line":19,"column":4},"end":{"line":24,"column":5}}],"line":19},"3":{"loc":{"start":{"line":19,"column":8},"end":{"line":19,"column":38}},"type":"binary-expr","locations":[{"start":{"line":19,"column":8},"end":{"line":19,"column":13}},{"start":{"line":19,"column":17},"end":{"line":19,"column":38}}],"line":19},"4":{"loc":{"start":{"line":26,"column":4},"end":{"line":33,"column":5}},"type":"if","locations":[{"start":{"line":26,"column":4},"end":{"line":33,"column":5}},{"start":{"line":26,"column":4},"end":{"line":33,"column":5}}],"line":26},"5":{"loc":{"start":{"line":27,"column":6},"end":{"line":32,"column":7}},"type":"if","locations":[{"start":{"line":27,"column":6},"end":{"line":32,"column":7}},{"start":{"line":27,"column":6},"end":{"line":32,"column":7}}],"line":27},"6":{"loc":{"start":{"line":35,"column":4},"end":{"line":40,"column":5}},"type":"if","locations":[{"start":{"line":35,"column":4},"end":{"line":40,"column":5}},{"start":{"line":35,"column":4},"end":{"line":40,"column":5}}],"line":35},"7":{"loc":{"start":{"line":35,"column":8},"end":{"line":35,"column":49}},"type":"binary-expr","locations":[{"start":{"line":35,"column":8},"end":{"line":35,"column":18}},{"start":{"line":35,"column":22},"end":{"line":35,"column":49}}],"line":35},"8":{"loc":{"start":{"line":47,"column":4},"end":{"line":52,"column":5}},"type":"if","locations":[{"start":{"line":47,"column":4},"end":{"line":52,"column":5}},{"start":{"line":47,"column":4},"end":{"line":52,"column":5}}],"line":47},"9":{"loc":{"start":{"line":47,"column":8},"end":{"line":47,"column":38}},"type":"binary-expr","locations":[{"start":{"line":47,"column":8},"end":{"line":47,"column":13}},{"start":{"line":47,"column":17},"end":{"line":47,"column":38}}],"line":47},"10":{"loc":{"start":{"line":53,"column":4},"end":{"line":58,"column":5}},"type":"if","locations":[{"start":{"line":53,"column":4},"end":{"line":58,"column":5}},{"start":{"line":53,"column":4},"end":{"line":58,"column":5}}],"line":53},"11":{"loc":{"start":{"line":61,"column":4},"end":{"line":83,"column":5}},"type":"switch","locations":[{"start":{"line":62,"column":6},"end":{"line":64,"column":14}},{"start":{"line":66,"column":6},"end":{"line":68,"column":14}},{"start":{"line":70,"column":6},"end":{"line":72,"column":14}},{"start":{"line":74,"column":6},"end":{"line":76,"column":14}},{"start":{"line":78,"column":6},"end":{"line":82,"column":11}}],"line":61},"12":{"loc":{"start":{"line":89,"column":4},"end":{"line":94,"column":5}},"type":"if","locations":[{"start":{"line":89,"column":4},"end":{"line":94,"column":5}},{"start":{"line":89,"column":4},"end":{"line":94,"column":5}}],"line":89},"13":{"loc":{"start":{"line":89,"column":8},"end":{"line":89,"column":38}},"type":"binary-expr","locations":[{"start":{"line":89,"column":8},"end":{"line":89,"column":13}},{"start":{"line":89,"column":17},"end":{"line":89,"column":38}}],"line":89}},"s":{"0":1,"1":1,"2":1,"3":1,"4":1,"5":4,"6":4,"7":1,"8":3,"9":3,"10":1,"11":2,"12":1,"13":1,"14":4,"15":4,"16":1,"17":3,"18":1,"19":2,"20":2,"21":2,"22":0,"23":0,"24":0,"25":0,"26":0,"27":0,"28":0,"29":0,"30":0,"31":4,"32":4,"33":1,"34":3,"35":1},"f":{"0":1,"1":4,"2":4,"3":4},"b":{"0":[1,0],"1":[1,1],"2":[1,3],"3":[4,3],"4":[3,0],"5":[1,2],"6":[1,1],"7":[2,1],"8":[1,3],"9":[4,3],"10":[1,2],"11":[2,0,0,0,0],"12":[1,3],"13":[4,3]},"_coverageSchema":"43e27e138ebf9cfc5966b082cf9a028302ed4184","hash":"37ca0e59ed055b0b08fb80aae400576cad1df070","contentHash":"a08085d18e7474fa422840162bc6eff4"},"C:\\Users\\Hedgeware-IT\\Desktop\\Bootcamp\\Politico\\server\\middleware\\Validator.js":{"path":"C:\\Users\\Hedgeware-IT\\Desktop\\Bootcamp\\Politico\\server\\middleware\\Validator.js","statementMap":{"0":{"start":{"line":3,"column":0},"end":{"line":5,"column":3}},"1":{"start":{"line":7,"column":14},"end":{"line":7,"column":33}},"2":{"start":{"line":9,"column":15},"end":{"line":9,"column":46}},"3":{"start":{"line":11,"column":39},"end":{"line":11,"column":93}},"4":{"start":{"line":13,"column":36},"end":{"line":13,"column":52}},"5":{"start":{"line":16,"column":4},"end":{"line":16,"column":42}},"6":{"start":{"line":16,"column":29},"end":{"line":16,"column":42}},"7":{"start":{"line":17,"column":4},"end":{"line":17,"column":41}},"8":{"start":{"line":17,"column":28},"end":{"line":17,"column":41}},"9":{"start":{"line":18,"column":4},"end":{"line":18,"column":16}},"10":{"start":{"line":22,"column":4},"end":{"line":22,"column":42}},"11":{"start":{"line":22,"column":29},"end":{"line":22,"column":42}},"12":{"start":{"line":23,"column":4},"end":{"line":23,"column":16}},"13":{"start":{"line":26,"column":0},"end":{"line":26,"column":28}}},"fnMap":{"0":{"name":"_interopRequireDefault","decl":{"start":{"line":11,"column":9},"end":{"line":11,"column":31}},"loc":{"start":{"line":11,"column":37},"end":{"line":11,"column":95}},"line":11},"1":{"name":"(anonymous_1)","decl":{"start":{"line":15,"column":2},"end":{"line":15,"column":3}},"loc":{"start":{"line":15,"column":32},"end":{"line":19,"column":3}},"line":15},"2":{"name":"(anonymous_2)","decl":{"start":{"line":21,"column":2},"end":{"line":21,"column":3}},"loc":{"start":{"line":21,"column":33},"end":{"line":24,"column":3}},"line":21}},"branchMap":{"0":{"loc":{"start":{"line":11,"column":46},"end":{"line":11,"column":92}},"type":"cond-expr","locations":[{"start":{"line":11,"column":70},"end":{"line":11,"column":73}},{"start":{"line":11,"column":76},"end":{"line":11,"column":92}}],"line":11},"1":{"loc":{"start":{"line":11,"column":46},"end":{"line":11,"column":67}},"type":"binary-expr","locations":[{"start":{"line":11,"column":46},"end":{"line":11,"column":49}},{"start":{"line":11,"column":53},"end":{"line":11,"column":67}}],"line":11},"2":{"loc":{"start":{"line":16,"column":4},"end":{"line":16,"column":42}},"type":"if","locations":[{"start":{"line":16,"column":4},"end":{"line":16,"column":42}},{"start":{"line":16,"column":4},"end":{"line":16,"column":42}}],"line":16},"3":{"loc":{"start":{"line":17,"column":4},"end":{"line":17,"column":41}},"type":"if","locations":[{"start":{"line":17,"column":4},"end":{"line":17,"column":41}},{"start":{"line":17,"column":4},"end":{"line":17,"column":41}}],"line":17},"4":{"loc":{"start":{"line":22,"column":4},"end":{"line":22,"column":42}},"type":"if","locations":[{"start":{"line":22,"column":4},"end":{"line":22,"column":42}},{"start":{"line":22,"column":4},"end":{"line":22,"column":42}}],"line":22}},"s":{"0":1,"1":1,"2":1,"3":1,"4":1,"5":27,"6":0,"7":27,"8":0,"9":27,"10":1,"11":0,"12":1,"13":1},"f":{"0":1,"1":27,"2":1},"b":{"0":[1,0],"1":[1,1],"2":[0,27],"3":[0,27],"4":[0,1]},"_coverageSchema":"43e27e138ebf9cfc5966b082cf9a028302ed4184","hash":"53ef3583a5f42e145ba4971b20b63067ee612f56","contentHash":"f448a4e1a554cf9f972e08c10cff4ac0"},"C:\\Users\\Hedgeware-IT\\Desktop\\Bootcamp\\Politico\\server\\middleware\\Helper.js":{"path":"C:\\Users\\Hedgeware-IT\\Desktop\\Bootcamp\\Politico\\server\\middleware\\Helper.js","statementMap":{"0":{"start":{"line":3,"column":0},"end":{"line":5,"column":3}},"1":{"start":{"line":8,"column":4},"end":{"line":8,"column":152}},"2":{"start":{"line":8,"column":139},"end":{"line":8,"column":152}},"3":{"start":{"line":12,"column":26},"end":{"line":12,"column":47}},"4":{"start":{"line":13,"column":4},"end":{"line":13,"column":51}},"5":{"start":{"line":13,"column":38},"end":{"line":13,"column":51}},"6":{"start":{"line":17,"column":0},"end":{"line":17,"column":25}}},"fnMap":{"0":{"name":"(anonymous_0)","decl":{"start":{"line":7,"column":2},"end":{"line":7,"column":3}},"loc":{"start":{"line":7,"column":29},"end":{"line":9,"column":3}},"line":7},"1":{"name":"(anonymous_1)","decl":{"start":{"line":11,"column":2},"end":{"line":11,"column":3}},"loc":{"start":{"line":11,"column":28},"end":{"line":14,"column":3}},"line":11}},"branchMap":{"0":{"loc":{"start":{"line":8,"column":4},"end":{"line":8,"column":152}},"type":"if","locations":[{
[...]
:46},"end":{"line":15,"column":92}},"type":"cond-expr","locations":[{"start":{"line":15,"column":70},"end":{"line":15,"column":73}},{"start":{"line":15,"column":76},"end":{"line":15,"column":92}}],"line":15},"1":{"loc":{"start":{"line":15,"column":46},"end":{"line":15,"column":67}},"type":"binary-expr","locations":[{"start":{"line":15,"column":46},"end":{"line":15,"column":49}},{"start":{"line":15,"column":53},"end":{"line":15,"column":67}}],"line":15},"2":{"loc":{"start":{"line":33,"column":4},"end":{"line":33,"column":41}},"type":"if","locations":[{"start":{"line":33,"column":4},"end":{"line":33,"column":41}},{"start":{"line":33,"column":4},"end":{"line":33,"column":41}}],"line":33},"3":{"loc":{"start":{"line":38,"column":4},"end":{"line":38,"column":50}},"type":"if","locations":[{"start":{"line":38,"column":4},"end":{"line":38,"column":50}},{"start":{"line":38,"column":4},"end":{"line":38,"column":50}}],"line":38},"4":{"loc":{"start":{"line":42,"column":4},"end":{"line":42,"column":42}},"type":"if","locations":[{"start":{"line":42,"column":4},"end":{"line":42,"column":42}},{"start":{"line":42,"column":4},"end":{"line":42,"column":42}}],"line":42},"5":{"loc":{"start":{"line":43,"column":4},"end":{"line":43,"column":77}},"type":"if","locations":[{"start":{"line":43,"column":4},"end":{"line":43,"column":77}},{"start":{"line":43,"column":4},"end":{"line":43,"column":77}}],"line":43},"6":{"loc":{"start":{"line":43,"column":8},"end":{"line":43,"column":62}},"type":"binary-expr","locations":[{"start":{"line":43,"column":8},"end":{"line":43,"column":36}},{"start":{"line":43,"column":40},"end":{"line":43,"column":62}}],"line":43},"7":{"loc":{"start":{"line":44,"column":4},"end":{"line":44,"column":91}},"type":"if","locations":[{"start":{"line":44,"column":4},"end":{"line":44,"column":91}},{"start":{"line":44,"column":4},"end":{"line":44,"column":91}}],"line":44},"8":{"loc":{"start":{"line":44,"column":8},"end":{"line":44,"column":76}},"type":"binary-expr","locations":[{"start":{"line":44,"column":8},"end":{"line":44,"column":43}},{"start":{"line":44,"column":47},"end":{"line":44,"column":76}}],"line":44}},"s":{"0":1,"1":1,"2":1,"3":1,"4":1,"5":2,"6":1,"7":4,"8":2,"9":12,"10":10,"11":7,"12":3,"13":4,"14":4,"15":0,"16":6,"17":0,"18":6,"19":0,"20":6,"21":0,"22":6,"23":2,"24":2,"25":1},"f":{"0":2,"1":4,"2":2,"3":12,"4":10,"5":4,"6":6,"7":2},"b":{"0":[0,2],"1":[2,2],"2":[7,3],"3":[4,0],"4":[0,6],"5":[0,6],"6":[6,6],"7":[0,6],"8":[6,6]},"_coverageSchema":"43e27e138ebf9cfc5966b082cf9a028302ed4184","hash":"9072321238d31824d8b74e3836f277ec99f1ecd7","contentHash":"7c598c25c55de91166b28f1bf32e642d"},"C:\\Users\\Hedgeware-IT\\Desktop\\Bootcamp\\Politico\\server\\middleware\\ValidateCreateUser.js":{"path":"C:\\Users\\Hedgeware-IT\\Desktop\\Bootcamp\\Politico\\server\\middleware\\ValidateCreateUser.js","statementMap":{"0":{"start":{"line":3,"column":0},"end":{"line":5,"column":3}},"1":{"start":{"line":7,"column":16},"end":{"line":7,"column":37}},"2":{"start":{"line":9,"column":17},"end":{"line":9,"column":50}},"3":{"start":{"line":11,"column":17},"end":{"line":11,"column":39}},"4":{"start":{"line":13,"column":18},"end":{"line":13,"column":52}},"5":{"start":{"line":15,"column":39},"end":{"line":15,"column":93}},"6":{"start":{"line":19,"column":4},"end":{"line":24,"column":5}},"7":{"start":{"line":20,"column":6},"end":{"line":23,"column":9}},"8":{"start":{"line":25,"column":4},"end":{"line":30,"column":5}},"9":{"start":{"line":26,"column":6},"end":{"line":29,"column":9}},"10":{"start":{"line":31,"column":4},"end":{"line":36,"column":5}},"11":{"start":{"line":32,"column":6},"end":{"line":35,"column":9}},"12":{"start":{"line":37,"column":4},"end":{"line":42,"column":5}},"13":{"start":{"line":38,"column":6},"end":{"line":41,"column":9}},"14":{"start":{"line":43,"column":4},"end":{"line":48,"column":5}},"15":{"start":{"line":44,"column":6},"end":{"line":47,"column":9}},"16":{"start":{"line":49,"column":4},"end":{"line":54,"column":5}},"17":{"start":{"line":50,"column":6},"end":{"line":53,"column":9}},"18":{"start":{"line":56,"column":4},"end":{"line":56,"column":11}},"19":{"start":{"line":60,"column":4},"end":{"line":65,"column":5}},"20":{"start":{"line":61,"column":6},"end":{"line":64,"column":9}},"21":{"start":{"line":66,"column":4},"end":{"line":71,"column":5}},"22":{"start":{"line":67,"column":6},"end":{"line":70,"column":9}},"23":{"start":{"line":72,"column":4},"end":{"line":77,"column":5}},"24":{"start":{"line":73,"column":6},"end":{"line":76,"column":9}},"25":{"start":{"line":79,"column":4},"end":{"line":79,"column":11}},"26":{"start":{"line":83,"column":0},"end":{"line":83,"column":37}}},"fnMap":{"0":{"name":"_interopRequireDefault","decl":{"start":{"line":15,"column":9},"end":{"line":15,"column":31}},"loc":{"start":{"line":15,"column":37},"end":{"line":15,"column":95}},"line":15},"1":{"name":"(anonymous_1)","decl":{"start":{"line":18,"column":2},"end":{"line":18,"column":3}},"loc":{"start":{"line":18,"column":40},"end":{"line":57,"column":3}},"line":18},"2":{"name":"(anonymous_2)","decl":{"start":{"line":59,"column":2},"end":{"line":59,"column":3}},"loc":{"start":{"line":59,"column":39},"end":{"line":80,"column":3}},"line":59}},"branchMap":{"0":{"loc":{"start":{"line":15,"column":46},"end":{"line":15,"column":92}},"type":"cond-expr","locations":[{"start":{"line":15,"column":70},"end":{"line":15,"column":73}},{"start":{"line":15,"column":76},"end":{"line":15,"column":92}}],"line":15},"1":{"loc":{"start":{"line":15,"column":46},"end":{"line":15,"column":67}},"type":"binary-expr","locations":[{"start":{"line":15,"column":46},"end":{"line":15,"column":49}},{"start":{"line":15,"column":53},"end":{"line":15,"column":67}}],"line":15},"2":{"loc":{"start":{"line":19,"column":4},"end":{"line":24,"column":5}},"type":"if","locations":[{"start":{"line":19,"column":4},"end":{"line":24,"column":5}},{"start":{"line":19,"column":4},"end":{"line":24,"column":5}}],"line":19},"3":{"loc":{"start":{"line":19,"column":8},"end":{"line":19,"column":138}},"type":"binary-expr","locations":[{"start":{"line":19,"column":8},"end":{"line":19,"column":27}},{"start":{"line":19,"column":31},"end":{"line":19,"column":49}},{"start":{"line":19,"column":53},"end":{"line":19,"column":68}},{"start":{"line":19,"column":72},"end":{"line":19,"column":87}},{"start":{"line":19,"column":91},"end":{"line":19,"column":109}},{"start":{"line":19,"column":113},"end":{"line":19,"column":138}}],"line":19},"4":{"loc":{"start":{"line":25,"column":4},"end":{"line":30,"column":5}},"type":"if","locations":[{"start":{"line":25,"column":4},"end":{"line":30,"column":5}},{"start":{"line":25,"column":4},"end":{"line":30,"column":5}}],"line":25},"5":{"loc":{"start":{"line":31,"column":4},"end":{"line":36,"column":5}},"type":"if","locations":[{"start":{"line":31,"column":4},"end":{"line":36,"column":5}},{"start":{"line":31,"column":4},"end":{"line":36,"column":5}}],"line":31},"6":{"loc":{"start":{"line":31,"column":8},"end":{"line":31,"column":180}},"type":"binary-expr","locations":[{"start":{"line":31,"column":8},"end":{"line":31,"column":63}},{"start":{"line":31,"column":67},"end":{"line":31,"column":122}},{"start":{"line":31,"column":126},"end":{"line":31,"column":180}}],"line":31},"7":{"loc":{"start":{"line":37,"column":4},"end":{"line":42,"column":5}},"type":"if","locations":[{"start":{"line":37,"column":4},"end":{"line":42,"column":5}},{"start":{"line":37,"column":4},"end":{"line":42,"column":5}}],"line":37},"8":{"loc":{"start":{"line":43,"column":4},"end":{"line":48,"column":5}},"type":"if","locations":[{"start":{"line":43,"column":4},"end":{"line":48,"column":5}},{"start":{"line":43,"column":4},"end":{"line":48,"column":5}}],"line":43},"9":{"loc":{"start":{"line":49,"column":4},"end":{"line":54,"column":5}},"type":"if","locations":[{"start":{"line":49,"column":4},"end":{"line":54,"column":5}},{"start":{"line":49,"column":4},"end":{"line":54,"column":5}}],"line":49},"10":{"loc":{"start":{"line":60,"column":4},"end":{"line":65,"column":5}},"type":"if","locations":[{"start":{"line":60,"column":4},"end":{"line":65,"column":5}},{"start":{"line":60,"column":4},"end":{"line":65,"column":5}}],"line":60},"11":{"loc":{"start":{"line":60,"column":8},"end":{"line":60,"column":45}},"type":"binary-expr","locations":[{"start":{"line":60,"column":8},"end":{"line":60,"column":23}},{"start":{"line":60,"column":27},"end":{"line":60,"column":45}}],"line":60},"12":{"loc":{"start":{"line":66,"column":4},"end":{"line":71,"column":5}},"type":"if","locations":[{"start":{"line":66,"column":4},"end":{"line":71,"column":5}},{"start":{"line":66,"column":4},"end":{"line":71,"column":5}}],"line":66},"13":{"loc":{"start":{"line":72,"column":4},"end":{"line":77,"column":5}},"type":"if","locations":[{"start":{"line":72,"column":4},"end":{"line":77,"column":5}},{"start":{"line":72,"column":4},"end":{"line":77,"column":5}}],"line":72}},"s":{"0":1,"1":1,"2":1,"3":1,"4":1,"5":2,"6":8,"7":2,"8":6,"9":0,"10":6,"11":0,"12":6,"13":0,"14":6,"15":2,"16":4,"17":0,"18":4,"19":6,"20":0,"21":6,"22":2,"23":4,"24":1,"25":3,"26":1},"f":{"0":2,"1":8,"2":6},"b":{"0":[2,0],"1":[2,2],"2":[2,6],"3":[8,7,7,6,6,6],"4":[0,6],"5":[0,6],"6":[6,6,6],"7":[0,6],"8":[2,4],"9":[0,4],"10":[0,6],"11":[6,6],"12":[2,4],"13":[1,3]},"_coverageSchema":"43e27e138ebf9cfc5966b082cf9a028302ed4184","hash":"8991800dd958a8da738fa75b0d9a231d961d4c49","contentHash":"744704b769130a7f89f66ecc67739d95"},"C:\\Users\\Hedgeware-IT\\Desktop\\Bootcamp\\Politico\\server\\routes\\vote.js":{"path":"C:\\Users\\Hedgeware-IT\\Desktop\\Bootcamp\\Politico\\server\\routes\\vote.js","statementMap":{"0":{"start":{"line":3,"column":0},"end":{"line":5,"column":3}},"1":{"start":{"line":7,"column":15},"end":{"line":7,"column":33}},"2":{"start":{"line":9,"column":16},"end":{"line":9,"column":48}},"3":{"start":{"line":11,"column":19},"end":{"line":11,"column":55}},"4":{"start":{"line":13,"column":20},"end":{"line":13,"column":56}},"5":{"start":{"line":15,"column":12},"end":{"line":15,"column":42}},"6":{"start":{"line":17,"column":13},"end":{"line":17,"column":42}},"7":{"start":{"line":19,"column":39},"end":{"line":19,"column":93}},"8":{"start":{"line":21,"column":15},"end":{"line":21,"column":41}},"9":{"start":{"line":22,"column":24},"end":{"line":22,"column":45}},"10":{"start":{"line":26,"column":4},"end":{"line":26,"column":18}},"11":{"start":{"line":28,"column":0},"end":{"line":28,"column":46}},"12":{"start":{"line":30,"column":0},"end":{"line":30,"column":25}}},"fnMap":{"0":{"name":"_interopRequireDefault","decl":{"start":{"line":19,"column":9},"end":{"line":19,"column":31}},"loc":{"start":{"line":19,"column":37},"end":{"line":19,"column":95}},"line":19}},"branchMap":{"0":{"loc":{"start":{"line":19,"column":46},"end":{"line":19,"column":92}},"type":"cond-expr","locations":[{"start":{"line":19,"column":70},"end":{"line":19,"column":73}},{"start":{"line":19,"column":76},"end":{"line":19,"column":92}}],"line":19},"1":{"loc":{"start":{"line":19,"column":46},"end":{"line":19,"column":67}},"type":"binary-expr","locations":[{"start":{"line":19,"column":46},"end":{"line":19,"column":49}},{"start":{"line":19,"column":53},"end":{"line":19,"column":67}}],"line":19}},"s":{"0":1,"1":1,"2":1,"3":1,"4":1,"5":1,"6":1,"7":3,"8":1,"9":1,"10":1,"11":1,"12":1},"f":{"0":3},"b":{"0":[2,1],"1":[3,3]},"_coverageSchema":"43e27e138ebf9cfc5966b082cf9a028302ed4184","hash":"ef8cef42199c2302bf445531a27e1f04fb6159d7","contentHash":"aaf6d2b8826fe2549fd30b670f063d0f"},"C:\\Users\\Hedgeware-IT\\Desktop\\Bootcamp\\Politico\\server\\controllers\\Vote.js":{"path":"C:\\Users\\Hedgeware-IT\\Desktop\\Bootcamp\\Politico\\server\\controllers\\Vote.js","statementMap":{"0":{"start":{"line":3,"column":0},"end":{"line":5,"column":3}},"1":{"start":{"line":7,"column":12},"end":{"line":7,"column":27}},"2":{"start":{"line":9,"column":13},"end":{"line":9,"column":42}},"3":{"start":{"line":11,"column":14},"end":{"line":11,"column":31}},"4":{"start":{"line":13,"column":15},"end":{"line":13,"column":46}},"5":{"start":{"line":15,"column":13},"end":{"line":15,"column":35}},"6":{"start":{"line":17,"column":14},"end":{"line":17,"column":44}},"7":{"start":{"line":19,"column":39},"end":{"line":19,"column":93}},"8":{"start":{"line":23,"column":34},"end":{"line":23,"column":42}},"9":{"start":{"line":24,"column":23},"end":{"line":24,"column":31}},"10":{"start":{"line":26,"column":25},"end":{"line":26,"column":82}},"11":{"start":{"line":28,"column":24},"end":{"line":30,"column":49}},"12":{"start":{"line":31,"column":4},"end":{"line":51,"column":5}},"13":{"start":{"line":32,"column":26},"end":{"line":32,"column":85}},"14":{"start":{"line":33,"column":6},"end":{"line":38,"column":7}},"15":{"start":{"line":34,"column":8},"end":{"line":37,"column":11}},"16":{"start":{"line":39,"column":21},"end":{"line":39,"column":106}},"17":{"start":{"line":40,"column":23},"end":{"line":40,"column":71}},"18":{"start":{"line":41,"column":6},"end":{"line":45,"column":9}},"19":{"start":{"line":47,"column":6},"end":{"line":50,"column":9}},"20":{"start":{"line":55,"column":0},"end":{"line":55,"column":33}}},"fnMap":{"0":{"name":"_interopRequireDefault","decl":{"start":{"line":19,"column":9},"end":{"line":19,"column":31}},"loc":{"start":{"line":19,"column":37},"end":{"line":19,"column":95}},"line":19},"1":{"name":"(anonymous_1)","decl":{"start":{"line":22,"column":2},"end":{"line":22,"column":3}},"loc":{"start":{"line":22,"column":36},"end":{"line":52,"column":3}},"line":22}},"branchMap":{"0":{"loc":{"start":{"line":19,"column":46},"end":{"line":19,"column":92}},"type":"cond-expr","locations":[{"start":{"line":19,"column":70},"end":{"line":19,"column":73}},{"start":{"line":19,"column":76},"end":{"line":19,"column":92}}],"line":19},"1":{"loc":{"start":{"line":19,"column":46},"end":{"line":19,"column":67}},"type":"binary-expr","locations":[{"start":{"line":19,"column":46},"end":{"line":19,"column":49}},{"start":{"line":19,"column":53},"end":{"line":19,"column":67}}],"line":19},"2":{"loc":{"start":{"line":33,"column":6},"end":{"line":38,"column":7}},"type":"if","locations":[{"start":{"line":33,"column":6},"end":{"line":38,"column":7}},{"start":{"line":33,"column":6},"end":{"line":38,"column":7}}],"line":33}},"s":{"0":1,"1":1,"2":1,"3":1,"4":1,"5":1,"6":1,"7":3,"8":2,"9":2,"10":2,"11":2,"12":2,"13":2,"14":2,"15":1,"16":1,"17":1,"18":0,"19":1,"20":1},"f":{"0":3,"1":2},"b":{"0":[1,2],"1":[3,3],"2":[1,1]},"_coverageSchema":"43e27e138ebf9cfc5966b082cf9a028302ed4184","hash":"52e4990de16ceede7694770777060fee732345d9","contentHash":"ffc2225663662bc6fe8526b44c3708a0"},"C:\\Users\\Hedgeware-IT\\Desktop\\Bootcamp\\Politico\\server\\routes\\Result.js":{"path":"C:\\Users\\Hedgeware-IT\\Desktop\\Bootcamp\\Politico\\server\\routes\\Result.js","statementMap":{"0":{"start":{"line":3,"column":0},"end":{"line":5,"column":3}},"1":{"start":{"line":7,"column":15},"end":{"line":7,"column":33}},"2":{"start":{"line":9,"column":16},"end":{"line":9,"column":48}},"3":{"start":{"line":11,"column":19},"end":{"line":11,"column":55}},"4":{"start":{"line":13,"column":20},"end":{"line":13,"column":56}},"5":{"start":{"line":15,"column":14},"end":{"line":15,"column":46}},"6":{"start":{"line":17,"column":15},"end":{"line":17,"column":46}},"7":{"start":{"line":19,"column":39},"end":{"line":19,"column":93}},"8":{"start":{"line":21,"column":15},"end":{"line":21,"column":41}},"9":{"start":{"line":22,"column":24},"end":{"line":22,"column":45}},"10":{"start":{"line":26,"column":4},"end":{"line":26,"column":20}},"11":{"start":{"line":28,"column":0},"end":{"line":28,"column":64}},"12":{"start":{"line":30,"column":0},"end":{"line":30,"column":25}}},"fnMap":{"0":{"name":"_interopRequireDefault","decl":{"start":{"line":19,"column":9},"end":{"line":19,"column":31}},"loc":{"start":{"line":19,"column":37},"end":{"line":19,"column":95}},"line":19}},"branchMap":{"0":{"loc":{"start":{"line":19,"column":46},"end":{"line":19,"column":92}},"type":"cond-expr","locations":[{"start":{"line":19,"column":70},"end":{"line":19,"column":73}},{"start":{"line":19,"column":76},"end":{"line":19,"column":92}}],"line":19},"1":{"loc":{"start":{"line":19,"column":46},"end":{"line":19,"column":67}},"type":"binary-expr","locations":[{"start":{"line":19,"column":46},"end":{"line":19,"column":49}},{"start":{"line":19,"column":53},"end":{"line":19,"column":67}}],"line":19}},"s":{"0":1,"1":1,"2":1,"3":1,"4":1,"5":1,"6":1,"7":3,"8":1,"9":1,"10":1,"11":1,"12":1},"f":{"0":3},"b":{"0":[2,1],"1":[3,3]},"_coverageSchema":"43e27e138ebf9cfc5966b082cf9a028302ed4184","hash":"d4be551ac2e8360dd1f58a2290eaac9f3411cca0","contentHash":"91b0a264778cdcabc01fb921f69adb57"},"C:\\Users\\Hedgeware-IT\\Desktop\\Bootcamp\\Politico\\server\\controllers\\Result.js":{"path":"C:\\Users\\Hedgeware-IT\\Desktop\\Bootcamp\\Politico\\server\\controllers\\Result.js","statementMap":{"0":{"start":{"line":3,"column":0},"end":{"line":5,"column":3}},"1":{"start":{"line":7,"column":13},"end":{"line":7,"column":35}},"2":{"start":{"line":9,"column":14},"end":{"line":9,"column":44}},"3":{"start":{"line":11,"column":39},"end":{"line":11,"column":93}},"4":{"start":{"line":15,"column":33},"end":{"line":15,"column":43}},"5":{"start":{"line":16,"column":4},"end":{"line":46,"column":5}},"6":{"start":{"line":17,"column":27},"end":{"line":17,"column":73}},"7":{"start":{"line":18,"column":27},"end":{"line":18,"column":150}},"8":{"start":{"line":20,"column":6},"end":{"line":40,"column":7}},"9":{"start":{"line":21,"column":29},"end":{"line":21,"column":82}},"10":{"start":{"line":22,"column":8},"end":{"line":34,"column":9}},"11":{"start":{"line":23,"column":31},"end":{"line":23,"column":84}},"12":{"start":{"line":24,"column":10},"end":{"line":29,"column":11}},"13":{"start":{"line":25,"column":12},"end":{"line":28,"column":15}},"14":{"start":{"line":30,"column":10},"end":{"line":33,"column":13}},"15":{"start":{"line":36,"column":8},"end":{"line":39,"column":11}},"16":{"start":{"line":42,"column":6},"end":{"line":45,"column":9}},"17":{"start":{"line":50,"column":0},"end":{"line":50,"column":35}}},"fnMap":{"0":{"name":"_interopRequireDefault","decl":{"start":{"line":11,"column":9},"end":{"line":11,"column":31}},"loc":{"start":{"line":11,"column":37},"end":{"line":11,"column":95}},"line":11},"1":{"name":"(anonymous_1)","decl":{"start":{"line":14,"column":2},"end":{"line":14,"column":3}},"loc":{"start":{"line":14,"column":35},"end":{"line":47,"column":3}},"line":14}},"branchMap":{"0":{"loc":{"start":{"line":11,"column":46},"end":{"line":11,"column":92}},"type":"cond-expr","locations":[{"start":{"line":11,"column":70},"end":{"line":11,"column":73}},{"start":{"line":11,"column":76},"end":{"line":11,"column":92}}],"line":11},"1":{"loc":{"start":{"line":11,"column":46},"end":{"line":11,"column":67}},"type":"binary-expr","locations":[{"start":{"line":11,"column":46},"end":{"line":11,"column":49}},{"start":{"line":11,"column":53},"end":{"line":11,"column":67}}],"line":11},"2":{"loc":{"start":{"line":16,"column":4},"end":{"line":46,"column":5}},"type":"if","locations":[{"start":{"line":16,"column":4},"end":{"line":46,"column":5}},{"start":{"line":16,"column":4},"end":{"line":46,"column":5}}],"line":16},"3":{"loc":{"start":{"line":22,"column":8},"end":{"line":34,"column":9}},"type":"if","locations":[{"start":{"line":22,"column":8},"end":{"line":34,"column":9}},{"start":{"line":22,"column":8},"end":{"line":34,"column":9}}],"line":22},"4":{"loc":{"start":{"line":24,"column":10},"end":{"line":29,"column":11}},"type":"if","locations":[{"start":{"line":24,"column":10},"end":{"line":29,"column":11}},{"start":{"line":24,"column":10},"end":{"line":29,"column":11}}],"line":24}},"s":{"0":1,"1":1,"2":1,"3":1,"4":0,"5":0,"6":0,"7":0,"8":0,"9":0,"10":0,"11":0,"12":0,"13":0,"14":0,"15":0,"16":0,"17":1},"f":{"0":1,"1":0},"b":{"0":[1,0],"1":[1,1],"2":[0,0],"3":[0,0],"4":[0,0]},"_coverageSchema":"43e27e138ebf9cfc5966b082cf9a028302ed4184","hash":"6f3180de5494d1a38bb28f55e4da55255c771d6d","contentHash":"6e11ff9f39962ce86a18ebf8f3428b32"}}